<?xml version="1.0" encoding="UTF-8"?>
<testsuite name="corebridge.board.article.data.DataInitializer" tests="1" skipped="0" failures="0" errors="0" timestamp="2025-12-28T13:55:43.786Z" hostname="Aquageekui-iMac.local" time="1751.233">
  <properties/>
  <testcase name="initialize()" classname="corebridge.board.article.data.DataInitializer" time="1751.233"/>
  <system-out><![CDATA[22:55:41.963 [Test worker] INFO org.springframework.test.context.support.AnnotationConfigContextLoaderUtils -- Could not detect default configuration classes for test class [corebridge.board.article.data.DataInitializer]: DataInitializer does not declare any static, non-private, non-final, nested classes annotated with @Configuration.
22:55:42.015 [Test worker] INFO org.springframework.boot.test.context.SpringBootTestContextBootstrapper -- Found @SpringBootConfiguration corebridge.board.article.ArticleApplication for test class corebridge.board.article.data.DataInitializer

  .   ____          _            __ _ _
 /\\ / ___'_ __ _ _(_)_ __  __ _ \ \ \ \
( ( )\___ | '_ | '_| | '_ \/ _` | \ \ \ \
 \\/  ___)| |_)| | | | | || (_| |  ) ) ) )
  '  |____| .__|_| |_|_| |_\__, | / / / /
 =========|_|==============|___/=/_/_/_/

 :: Spring Boot ::                (v3.5.9)

2025-12-28T22:55:42.259+09:00  INFO 15918 --- [    Test worker] c.board.article.data.DataInitializer     : Starting DataInitializer using Java 21.0.1 with PID 15918 (started by aquageek in /Users/aquageek/Desktop/Board-MSA/service/article)
2025-12-28T22:55:42.261+09:00  INFO 15918 --- [    Test worker] c.board.article.data.DataInitializer     : No active profile set, falling back to 1 default profile: "default"
2025-12-28T22:55:42.564+09:00  INFO 15918 --- [    Test worker] .s.d.r.c.RepositoryConfigurationDelegate : Bootstrapping Spring Data JPA repositories in DEFAULT mode.
2025-12-28T22:55:42.587+09:00  INFO 15918 --- [    Test worker] .s.d.r.c.RepositoryConfigurationDelegate : Finished Spring Data repository scanning in 19 ms. Found 1 JPA repository interface.
2025-12-28T22:55:42.757+09:00  INFO 15918 --- [    Test worker] o.hibernate.jpa.internal.util.LogHelper  : HHH000204: Processing PersistenceUnitInfo [name: default]
2025-12-28T22:55:42.777+09:00  INFO 15918 --- [    Test worker] org.hibernate.Version                    : HHH000412: Hibernate ORM core version 6.6.39.Final
2025-12-28T22:55:42.790+09:00  INFO 15918 --- [    Test worker] o.h.c.internal.RegionFactoryInitiator    : HHH000026: Second-level cache disabled
2025-12-28T22:55:42.917+09:00  INFO 15918 --- [    Test worker] o.s.o.j.p.SpringPersistenceUnitInfo      : No LoadTimeWeaver setup: ignoring JPA class transformer
2025-12-28T22:55:42.929+09:00  INFO 15918 --- [    Test worker] com.zaxxer.hikari.HikariDataSource       : HikariPool-1 - Starting...
2025-12-28T22:55:43.025+09:00  INFO 15918 --- [    Test worker] com.zaxxer.hikari.pool.HikariPool        : HikariPool-1 - Added connection org.postgresql.jdbc.PgConnection@182e4365
2025-12-28T22:55:43.026+09:00  INFO 15918 --- [    Test worker] com.zaxxer.hikari.HikariDataSource       : HikariPool-1 - Start completed.
2025-12-28T22:55:43.061+09:00  INFO 15918 --- [    Test worker] org.hibernate.orm.connections.pooling    : HHH10001005: Database info:
	Database JDBC URL [Connecting through datasource 'HikariDataSource (HikariPool-1)']
	Database driver: undefined/unknown
	Database version: 18.1
	Autocommit mode: undefined/unknown
	Isolation level: undefined/unknown
	Minimum pool size: undefined/unknown
	Maximum pool size: undefined/unknown
2025-12-28T22:55:43.392+09:00  INFO 15918 --- [    Test worker] o.h.e.t.j.p.i.JtaPlatformInitiator       : HHH000489: No JTA platform available (set 'hibernate.transaction.jta.platform' to enable JTA platform integration)
2025-12-28T22:55:43.423+09:00  INFO 15918 --- [    Test worker] j.LocalContainerEntityManagerFactoryBean : Initialized JPA EntityManagerFactory for persistence unit 'default'
2025-12-28T22:55:43.612+09:00  WARN 15918 --- [    Test worker] JpaBaseConfiguration$JpaWebConfiguration : spring.jpa.open-in-view is enabled by default. Therefore, database queries may be performed during view rendering. Explicitly configure spring.jpa.open-in-view to disable this warning
2025-12-28T22:55:43.777+09:00  INFO 15918 --- [    Test worker] c.board.article.data.DataInitializer     : Started DataInitializer in 1.701 seconds (process running for 2.213)
latch.getCount() = 5999
latch.getCount() = 5998
latch.getCount() = 5997
latch.getCount() = 5996
latch.getCount() = 5995
latch.getCount() = 5994
latch.getCount() = 5993
latch.getCount() = 5992
latch.getCount() = 5991
latch.getCount() = 5990
latch.getCount() = 5989
latch.getCount() = 5988
latch.getCount() = 5987
latch.getCount() = 5986
latch.getCount() = 5985
latch.getCount() = 5984
latch.getCount() = 5983
latch.getCount() = 5982
latch.getCount() = 5981
latch.getCount() = 5980
latch.getCount() = 5979
latch.getCount() = 5978
latch.getCount() = 5977
latch.getCount() = 5976
latch.getCount() = 5975
latch.getCount() = 5974
latch.getCount() = 5973
latch.getCount() = 5972
latch.getCount() = 5971
latch.getCount() = 5970
latch.getCount() = 5969
latch.getCount() = 5968
latch.getCount() = 5967
latch.getCount() = 5966
latch.getCount() = 5965
latch.getCount() = 5964
latch.getCount() = 5963
latch.getCount() = 5962
latch.getCount() = 5961
latch.getCount() = 5960
latch.getCount() = 5959
latch.getCount() = 5958
latch.getCount() = 5957
latch.getCount() = 5956
latch.getCount() = 5955
latch.getCount() = 5954
latch.getCount() = 5953
latch.getCount() = 5952
latch.getCount() = 5951
latch.getCount() = 5950
latch.getCount() = 5949
latch.getCount() = 5948
latch.getCount() = 5947
latch.getCount() = 5946
latch.getCount() = 5945
latch.getCount() = 5944
latch.getCount() = 5943
latch.getCount() = 5942
latch.getCount() = 5941
latch.getCount() = 5940
latch.getCount() = 5939
latch.getCount() = 5938
latch.getCount() = 5937
latch.getCount() = 5936
latch.getCount() = 5935
latch.getCount() = 5934
latch.getCount() = 5933
latch.getCount() = 5932
latch.getCount() = 5931
latch.getCount() = 5930
latch.getCount() = 5929
latch.getCount() = 5928
latch.getCount() = 5927
latch.getCount() = 5926
latch.getCount() = 5925
latch.getCount() = 5924
latch.getCount() = 5923
latch.getCount() = 5922
latch.getCount() = 5921
latch.getCount() = 5920
latch.getCount() = 5919
latch.getCount() = 5918
latch.getCount() = 5917
latch.getCount() = 5916
latch.getCount() = 5915
latch.getCount() = 5914
latch.getCount() = 5913
latch.getCount() = 5912
latch.getCount() = 5911
latch.getCount() = 5910
latch.getCount() = 5909
latch.getCount() = 5908
latch.getCount() = 5907
latch.getCount() = 5906
latch.getCount() = 5905
latch.getCount() = 5904
latch.getCount() = 5903
latch.getCount() = 5902
latch.getCount() = 5901
latch.getCount() = 5900
latch.getCount() = 5899
latch.getCount() = 5898
latch.getCount() = 5897
latch.getCount() = 5896
latch.getCount() = 5895
latch.getCount() = 5894
latch.getCount() = 5893
latch.getCount() = 5892
latch.getCount() = 5891
latch.getCount() = 5890
latch.getCount() = 5889
latch.getCount() = 5888
latch.getCount() = 5887
latch.getCount() = 5886
latch.getCount() = 5885
latch.getCount() = 5884
latch.getCount() = 5883
latch.getCount() = 5882
latch.getCount() = 5881
latch.getCount() = 5880
latch.getCount() = 5879
latch.getCount() = 5878
latch.getCount() = 5877
latch.getCount() = 5876
latch.getCount() = 5875
latch.getCount() = 5874
latch.getCount() = 5873
latch.getCount() = 5872
latch.getCount() = 5871
latch.getCount() = 5870
latch.getCount() = 5869
latch.getCount() = 5868
latch.getCount() = 5867
latch.getCount() = 5866
latch.getCount() = 5865
latch.getCount() = 5864
latch.getCount() = 5863
latch.getCount() = 5862
latch.getCount() = 5861
latch.getCount() = 5860
latch.getCount() = 5859
latch.getCount() = 5858
latch.getCount() = 5857
latch.getCount() = 5856
latch.getCount() = 5855
latch.getCount() = 5854
latch.getCount() = 5853
latch.getCount() = 5852
latch.getCount() = 5851
latch.getCount() = 5850
latch.getCount() = 5849
latch.getCount() = 5848
latch.getCount() = 5847
latch.getCount() = 5846
latch.getCount() = 5845
latch.getCount() = 5844
latch.getCount() = 5843
latch.getCount() = 5842
latch.getCount() = 5841
latch.getCount() = 5840
latch.getCount() = 5839
latch.getCount() = 5838
latch.getCount() = 5837
latch.getCount() = 5836
latch.getCount() = 5835
latch.getCount() = 5834
latch.getCount() = 5833
latch.getCount() = 5832
latch.getCount() = 5831
latch.getCount() = 5830
latch.getCount() = 5829
latch.getCount() = 5828
latch.getCount() = 5827
latch.getCount() = 5826
latch.getCount() = 5825
latch.getCount() = 5824
latch.getCount() = 5823
latch.getCount() = 5822
latch.getCount() = 5821
latch.getCount() = 5820
latch.getCount() = 5819
latch.getCount() = 5818
latch.getCount() = 5817
latch.getCount() = 5816
latch.getCount() = 5815
latch.getCount() = 5814
latch.getCount() = 5813
latch.getCount() = 5812
latch.getCount() = 5811
latch.getCount() = 5810
latch.getCount() = 5809
latch.getCount() = 5808
latch.getCount() = 5807
latch.getCount() = 5806
latch.getCount() = 5805
latch.getCount() = 5804
latch.getCount() = 5803
latch.getCount() = 5802
latch.getCount() = 5801
latch.getCount() = 5800
latch.getCount() = 5799
latch.getCount() = 5798
latch.getCount() = 5797
latch.getCount() = 5796
latch.getCount() = 5795
latch.getCount() = 5794
latch.getCount() = 5793
latch.getCount() = 5792
latch.getCount() = 5791
latch.getCount() = 5790
latch.getCount() = 5789
latch.getCount() = 5788
latch.getCount() = 5787
latch.getCount() = 5786
latch.getCount() = 5785
latch.getCount() = 5784
latch.getCount() = 5783
latch.getCount() = 5782
latch.getCount() = 5781
latch.getCount() = 5780
latch.getCount() = 5779
latch.getCount() = 5778
latch.getCount() = 5777
latch.getCount() = 5776
latch.getCount() = 5775
latch.getCount() = 5774
latch.getCount() = 5773
latch.getCount() = 5772
latch.getCount() = 5771
latch.getCount() = 5770
latch.getCount() = 5769
latch.getCount() = 5768
latch.getCount() = 5767
latch.getCount() = 5766
latch.getCount() = 5765
latch.getCount() = 5764
latch.getCount() = 5763
latch.getCount() = 5762
latch.getCount() = 5761
latch.getCount() = 5760
latch.getCount() = 5759
latch.getCount() = 5758
latch.getCount() = 5757
latch.getCount() = 5756
latch.getCount() = 5755
latch.getCount() = 5754
latch.getCount() = 5753
latch.getCount() = 5752
latch.getCount() = 5751
latch.getCount() = 5750
latch.getCount() = 5749
latch.getCount() = 5748
latch.getCount() = 5747
latch.getCount() = 5746
latch.getCount() = 5745
latch.getCount() = 5744
latch.getCount() = 5743
latch.getCount() = 5742
latch.getCount() = 5741
latch.getCount() = 5740
latch.getCount() = 5739
latch.getCount() = 5738
latch.getCount() = 5737
latch.getCount() = 5736
latch.getCount() = 5735
latch.getCount() = 5734
latch.getCount() = 5733
latch.getCount() = 5732
latch.getCount() = 5731
latch.getCount() = 5730
latch.getCount() = 5729
latch.getCount() = 5728
latch.getCount() = 5727
latch.getCount() = 5726
latch.getCount() = 5725
latch.getCount() = 5724
latch.getCount() = 5723
latch.getCount() = 5722
latch.getCount() = 5721
latch.getCount() = 5720
latch.getCount() = 5719
latch.getCount() = 5718
latch.getCount() = 5717
latch.getCount() = 5716
latch.getCount() = 5715
latch.getCount() = 5714
latch.getCount() = 5713
latch.getCount() = 5712
latch.getCount() = 5711
latch.getCount() = 5710
latch.getCount() = 5709
latch.getCount() = 5708
latch.getCount() = 5707
latch.getCount() = 5706
latch.getCount() = 5705
latch.getCount() = 5704
latch.getCount() = 5703
latch.getCount() = 5702
latch.getCount() = 5701
latch.getCount() = 5700
latch.getCount() = 5699
latch.getCount() = 5698
latch.getCount() = 5697
latch.getCount() = 5696
latch.getCount() = 5695
latch.getCount() = 5694
latch.getCount() = 5693
latch.getCount() = 5692
latch.getCount() = 5691
latch.getCount() = 5690
latch.getCount() = 5689
latch.getCount() = 5688
latch.getCount() = 5687
latch.getCount() = 5686
latch.getCount() = 5685
latch.getCount() = 5684
latch.getCount() = 5683
latch.getCount() = 5682
latch.getCount() = 5681
latch.getCount() = 5680
latch.getCount() = 5679
latch.getCount() = 5678
latch.getCount() = 5677
latch.getCount() = 5676
latch.getCount() = 5675
latch.getCount() = 5674
latch.getCount() = 5673
latch.getCount() = 5672
latch.getCount() = 5671
latch.getCount() = 5670
latch.getCount() = 5669
latch.getCount() = 5668
latch.getCount() = 5667
latch.getCount() = 5666
latch.getCount() = 5665
latch.getCount() = 5664
latch.getCount() = 5663
latch.getCount() = 5662
latch.getCount() = 5661
latch.getCount() = 5660
latch.getCount() = 5659
latch.getCount() = 5658
latch.getCount() = 5657
latch.getCount() = 5656
latch.getCount() = 5655
latch.getCount() = 5654
latch.getCount() = 5653
latch.getCount() = 5652
latch.getCount() = 5651
latch.getCount() = 5650
latch.getCount() = 5649
latch.getCount() = 5648
latch.getCount() = 5647
latch.getCount() = 5646
latch.getCount() = 5645
latch.getCount() = 5644
latch.getCount() = 5643
latch.getCount() = 5642
latch.getCount() = 5641
latch.getCount() = 5640
latch.getCount() = 5639
latch.getCount() = 5638
latch.getCount() = 5637
latch.getCount() = 5636
latch.getCount() = 5635
latch.getCount() = 5634
latch.getCount() = 5633
latch.getCount() = 5632
latch.getCount() = 5631
latch.getCount() = 5630
latch.getCount() = 5629
latch.getCount() = 5628
latch.getCount() = 5627
latch.getCount() = 5626
latch.getCount() = 5625
latch.getCount() = 5624
latch.getCount() = 5623
latch.getCount() = 5622
latch.getCount() = 5621
latch.getCount() = 5620
latch.getCount() = 5619
latch.getCount() = 5618
latch.getCount() = 5617
latch.getCount() = 5616
latch.getCount() = 5615
latch.getCount() = 5614
latch.getCount() = 5613
latch.getCount() = 5612
latch.getCount() = 5611
latch.getCount() = 5610
latch.getCount() = 5609
latch.getCount() = 5608
latch.getCount() = 5607
latch.getCount() = 5606
latch.getCount() = 5605
latch.getCount() = 5604
latch.getCount() = 5603
latch.getCount() = 5602
latch.getCount() = 5601
latch.getCount() = 5600
latch.getCount() = 5599
latch.getCount() = 5598
latch.getCount() = 5597
latch.getCount() = 5596
latch.getCount() = 5595
latch.getCount() = 5594
latch.getCount() = 5593
latch.getCount() = 5592
latch.getCount() = 5591
latch.getCount() = 5590
latch.getCount() = 5589
latch.getCount() = 5588
latch.getCount() = 5587
latch.getCount() = 5586
latch.getCount() = 5585
latch.getCount() = 5584
latch.getCount() = 5583
latch.getCount() = 5582
latch.getCount() = 5581
latch.getCount() = 5580
latch.getCount() = 5579
latch.getCount() = 5578
latch.getCount() = 5577
latch.getCount() = 5576
latch.getCount() = 5575
latch.getCount() = 5574
latch.getCount() = 5573
latch.getCount() = 5572
latch.getCount() = 5571
latch.getCount() = 5570
latch.getCount() = 5569
latch.getCount() = 5568
latch.getCount() = 5567
latch.getCount() = 5566
latch.getCount() = 5565
latch.getCount() = 5564
latch.getCount() = 5563
latch.getCount() = 5562
latch.getCount() = 5561
latch.getCount() = 5560
latch.getCount() = 5559
latch.getCount() = 5558
latch.getCount() = 5557
latch.getCount() = 5556
latch.getCount() = 5555
latch.getCount() = 5554
latch.getCount() = 5553
latch.getCount() = 5552
latch.getCount() = 5551
latch.getCount() = 5550
latch.getCount() = 5549
latch.getCount() = 5548
latch.getCount() = 5547
latch.getCount() = 5546
latch.getCount() = 5545
latch.getCount() = 5544
latch.getCount() = 5543
latch.getCount() = 5542
latch.getCount() = 5541
latch.getCount() = 5540
latch.getCount() = 5539
latch.getCount() = 5538
latch.getCount() = 5537
latch.getCount() = 5536
latch.getCount() = 5535
latch.getCount() = 5534
latch.getCount() = 5533
latch.getCount() = 5532
latch.getCount() = 5531
latch.getCount() = 5530
latch.getCount() = 5529
latch.getCount() = 5528
latch.getCount() = 5527
latch.getCount() = 5526
latch.getCount() = 5525
latch.getCount() = 5524
latch.getCount() = 5523
latch.getCount() = 5522
latch.getCount() = 5521
latch.getCount() = 5520
latch.getCount() = 5519
latch.getCount() = 5518
latch.getCount() = 5517
latch.getCount() = 5516
latch.getCount() = 5515
latch.getCount() = 5514
latch.getCount() = 5513
latch.getCount() = 5512
latch.getCount() = 5511
latch.getCount() = 5510
latch.getCount() = 5509
latch.getCount() = 5508
latch.getCount() = 5507
latch.getCount() = 5506
latch.getCount() = 5505
latch.getCount() = 5504
latch.getCount() = 5503
latch.getCount() = 5502
latch.getCount() = 5501
latch.getCount() = 5500
latch.getCount() = 5499
latch.getCount() = 5498
latch.getCount() = 5497
latch.getCount() = 5496
latch.getCount() = 5495
latch.getCount() = 5494
latch.getCount() = 5493
latch.getCount() = 5492
latch.getCount() = 5491
latch.getCount() = 5490
latch.getCount() = 5489
latch.getCount() = 5488
latch.getCount() = 5487
latch.getCount() = 5486
latch.getCount() = 5485
latch.getCount() = 5484
latch.getCount() = 5483
latch.getCount() = 5482
latch.getCount() = 5481
latch.getCount() = 5480
latch.getCount() = 5479
latch.getCount() = 5478
latch.getCount() = 5477
latch.getCount() = 5476
latch.getCount() = 5475
latch.getCount() = 5474
latch.getCount() = 5473
latch.getCount() = 5472
latch.getCount() = 5471
latch.getCount() = 5470
latch.getCount() = 5469
latch.getCount() = 5468
latch.getCount() = 5467
latch.getCount() = 5466
latch.getCount() = 5465
latch.getCount() = 5464
latch.getCount() = 5463
latch.getCount() = 5462
latch.getCount() = 5461
latch.getCount() = 5460
latch.getCount() = 5459
latch.getCount() = 5458
latch.getCount() = 5457
latch.getCount() = 5456
latch.getCount() = 5455
latch.getCount() = 5454
latch.getCount() = 5453
latch.getCount() = 5452
latch.getCount() = 5451
latch.getCount() = 5450
latch.getCount() = 5449
latch.getCount() = 5448
latch.getCount() = 5447
latch.getCount() = 5446
latch.getCount() = 5445
latch.getCount() = 5444
latch.getCount() = 5443
latch.getCount() = 5442
latch.getCount() = 5441
latch.getCount() = 5440
latch.getCount() = 5439
latch.getCount() = 5438
latch.getCount() = 5437
latch.getCount() = 5436
latch.getCount() = 5435
latch.getCount() = 5434
latch.getCount() = 5433
latch.getCount() = 5432
latch.getCount() = 5431
latch.getCount() = 5430
latch.getCount() = 5429
latch.getCount() = 5428
latch.getCount() = 5427
latch.getCount() = 5426
latch.getCount() = 5425
latch.getCount() = 5424
latch.getCount() = 5423
latch.getCount() = 5422
latch.getCount() = 5421
latch.getCount() = 5420
latch.getCount() = 5419
latch.getCount() = 5418
latch.getCount() = 5417
latch.getCount() = 5416
latch.getCount() = 5415
latch.getCount() = 5414
latch.getCount() = 5413
latch.getCount() = 5412
latch.getCount() = 5411
latch.getCount() = 5410
latch.getCount() = 5409
latch.getCount() = 5408
latch.getCount() = 5407
latch.getCount() = 5406
latch.getCount() = 5405
latch.getCount() = 5404
latch.getCount() = 5403
latch.getCount() = 5402
latch.getCount() = 5401
latch.getCount() = 5400
latch.getCount() = 5399
latch.getCount() = 5398
latch.getCount() = 5397
latch.getCount() = 5396
latch.getCount() = 5395
latch.getCount() = 5394
latch.getCount() = 5393
latch.getCount() = 5392
latch.getCount() = 5391
latch.getCount() = 5390
latch.getCount() = 5389
latch.getCount() = 5388
latch.getCount() = 5387
latch.getCount() = 5386
latch.getCount() = 5385
latch.getCount() = 5384
latch.getCount() = 5383
latch.getCount() = 5382
latch.getCount() = 5381
latch.getCount() = 5380
latch.getCount() = 5379
latch.getCount() = 5378
latch.getCount() = 5377
latch.getCount() = 5376
latch.getCount() = 5375
latch.getCount() = 5374
latch.getCount() = 5373
latch.getCount() = 5372
latch.getCount() = 5371
latch.getCount() = 5370
latch.getCount() = 5369
latch.getCount() = 5368
latch.getCount() = 5367
latch.getCount() = 5366
latch.getCount() = 5365
latch.getCount() = 5364
latch.getCount() = 5363
latch.getCount() = 5362
latch.getCount() = 5361
latch.getCount() = 5360
latch.getCount() = 5359
latch.getCount() = 5358
latch.getCount() = 5357
latch.getCount() = 5356
latch.getCount() = 5355
latch.getCount() = 5354
latch.getCount() = 5353
latch.getCount() = 5352
latch.getCount() = 5351
latch.getCount() = 5350
latch.getCount() = 5349
latch.getCount() = 5348
latch.getCount() = 5347
latch.getCount() = 5346
latch.getCount() = 5345
latch.getCount() = 5344
latch.getCount() = 5343
latch.getCount() = 5342
latch.getCount() = 5341
latch.getCount() = 5340
latch.getCount() = 5339
latch.getCount() = 5338
latch.getCount() = 5337
latch.getCount() = 5336
latch.getCount() = 5335
latch.getCount() = 5334
latch.getCount() = 5333
latch.getCount() = 5332
latch.getCount() = 5331
latch.getCount() = 5330
latch.getCount() = 5329
latch.getCount() = 5328
latch.getCount() = 5327
latch.getCount() = 5326
latch.getCount() = 5325
latch.getCount() = 5324
latch.getCount() = 5323
latch.getCount() = 5322
latch.getCount() = 5321
latch.getCount() = 5320
latch.getCount() = 5319
latch.getCount() = 5318
latch.getCount() = 5317
latch.getCount() = 5316
latch.getCount() = 5315
latch.getCount() = 5314
latch.getCount() = 5313
latch.getCount() = 5312
latch.getCount() = 5311
latch.getCount() = 5310
latch.getCount() = 5309
latch.getCount() = 5308
latch.getCount() = 5307
latch.getCount() = 5306
latch.getCount() = 5305
latch.getCount() = 5304
latch.getCount() = 5303
latch.getCount() = 5302
latch.getCount() = 5301
latch.getCount() = 5300
latch.getCount() = 5299
latch.getCount() = 5298
latch.getCount() = 5297
latch.getCount() = 5296
latch.getCount() = 5295
latch.getCount() = 5294
latch.getCount() = 5293
latch.getCount() = 5292
latch.getCount() = 5291
latch.getCount() = 5290
latch.getCount() = 5289
latch.getCount() = 5288
latch.getCount() = 5287
latch.getCount() = 5286
latch.getCount() = 5285
latch.getCount() = 5284
latch.getCount() = 5283
latch.getCount() = 5282
latch.getCount() = 5281
latch.getCount() = 5280
latch.getCount() = 5279
latch.getCount() = 5278
latch.getCount() = 5277
latch.getCount() = 5276
latch.getCount() = 5275
latch.getCount() = 5274
latch.getCount() = 5273
latch.getCount() = 5272
latch.getCount() = 5271
latch.getCount() = 5270
latch.getCount() = 5269
latch.getCount() = 5268
latch.getCount() = 5267
latch.getCount() = 5266
latch.getCount() = 5265
latch.getCount() = 5264
latch.getCount() = 5263
latch.getCount() = 5262
latch.getCount() = 5261
latch.getCount() = 5260
latch.getCount() = 5259
latch.getCount() = 5258
latch.getCount() = 5257
latch.getCount() = 5256
latch.getCount() = 5255
latch.getCount() = 5254
latch.getCount() = 5253
latch.getCount() = 5252
latch.getCount() = 5251
latch.getCount() = 5250
latch.getCount() = 5249
latch.getCount() = 5248
latch.getCount() = 5247
latch.getCount() = 5246
latch.getCount() = 5245
latch.getCount() = 5244
latch.getCount() = 5243
latch.getCount() = 5242
latch.getCount() = 5241
latch.getCount() = 5240
latch.getCount() = 5239
latch.getCount() = 5238
latch.getCount() = 5237
latch.getCount() = 5236
latch.getCount() = 5235
latch.getCount() = 5234
latch.getCount() = 5233
latch.getCount() = 5232
latch.getCount() = 5231
latch.getCount() = 5230
latch.getCount() = 5229
latch.getCount() = 5228
latch.getCount() = 5227
latch.getCount() = 5226
latch.getCount() = 5225
latch.getCount() = 5224
latch.getCount() = 5223
latch.getCount() = 5222
latch.getCount() = 5221
latch.getCount() = 5220
latch.getCount() = 5219
latch.getCount() = 5218
latch.getCount() = 5217
latch.getCount() = 5216
latch.getCount() = 5215
latch.getCount() = 5214
latch.getCount() = 5213
latch.getCount() = 5212
latch.getCount() = 5211
latch.getCount() = 5210
latch.getCount() = 5209
latch.getCount() = 5208
latch.getCount() = 5207
latch.getCount() = 5206
latch.getCount() = 5205
latch.getCount() = 5204
latch.getCount() = 5203
latch.getCount() = 5202
latch.getCount() = 5201
latch.getCount() = 5200
latch.getCount() = 5199
latch.getCount() = 5198
latch.getCount() = 5197
latch.getCount() = 5196
latch.getCount() = 5195
latch.getCount() = 5194
latch.getCount() = 5193
latch.getCount() = 5192
latch.getCount() = 5191
latch.getCount() = 5190
latch.getCount() = 5189
latch.getCount() = 5188
latch.getCount() = 5187
latch.getCount() = 5186
latch.getCount() = 5185
latch.getCount() = 5184
latch.getCount() = 5183
latch.getCount() = 5182
latch.getCount() = 5181
latch.getCount() = 5180
latch.getCount() = 5179
latch.getCount() = 5178
latch.getCount() = 5177
latch.getCount() = 5176
latch.getCount() = 5175
latch.getCount() = 5174
latch.getCount() = 5173
latch.getCount() = 5172
latch.getCount() = 5171
latch.getCount() = 5170
latch.getCount() = 5169
latch.getCount() = 5168
latch.getCount() = 5167
latch.getCount() = 5166
latch.getCount() = 5165
latch.getCount() = 5164
latch.getCount() = 5163
latch.getCount() = 5162
latch.getCount() = 5161
latch.getCount() = 5160
latch.getCount() = 5159
latch.getCount() = 5158
latch.getCount() = 5157
latch.getCount() = 5156
latch.getCount() = 5155
latch.getCount() = 5154
latch.getCount() = 5153
latch.getCount() = 5152
latch.getCount() = 5151
latch.getCount() = 5150
latch.getCount() = 5149
latch.getCount() = 5148
latch.getCount() = 5147
latch.getCount() = 5146
latch.getCount() = 5145
latch.getCount() = 5144
latch.getCount() = 5143
latch.getCount() = 5142
latch.getCount() = 5141
latch.getCount() = 5140
latch.getCount() = 5139
latch.getCount() = 5138
latch.getCount() = 5137
latch.getCount() = 5136
latch.getCount() = 5135
latch.getCount() = 5134
latch.getCount() = 5133
latch.getCount() = 5132
latch.getCount() = 5131
latch.getCount() = 5130
latch.getCount() = 5129
latch.getCount() = 5128
latch.getCount() = 5127
latch.getCount() = 5126
latch.getCount() = 5125
latch.getCount() = 5124
latch.getCount() = 5123
latch.getCount() = 5122
latch.getCount() = 5121
latch.getCount() = 5120
latch.getCount() = 5119
latch.getCount() = 5118
latch.getCount() = 5117
latch.getCount() = 5116
latch.getCount() = 5115
latch.getCount() = 5114
latch.getCount() = 5113
latch.getCount() = 5112
latch.getCount() = 5111
latch.getCount() = 5110
latch.getCount() = 5109
latch.getCount() = 5108
latch.getCount() = 5107
latch.getCount() = 5106
latch.getCount() = 5105
latch.getCount() = 5104
latch.getCount() = 5103
latch.getCount() = 5102
latch.getCount() = 5101
latch.getCount() = 5100
latch.getCount() = 5099
latch.getCount() = 5098
latch.getCount() = 5097
latch.getCount() = 5096
latch.getCount() = 5095
latch.getCount() = 5094
latch.getCount() = 5093
latch.getCount() = 5092
latch.getCount() = 5091
latch.getCount() = 5090
latch.getCount() = 5089
latch.getCount() = 5088
latch.getCount() = 5087
latch.getCount() = 5086
latch.getCount() = 5085
latch.getCount() = 5084
latch.getCount() = 5083
latch.getCount() = 5082
latch.getCount() = 5081
latch.getCount() = 5080
latch.getCount() = 5079
latch.getCount() = 5078
latch.getCount() = 5077
latch.getCount() = 5076
latch.getCount() = 5075
latch.getCount() = 5074
latch.getCount() = 5073
latch.getCount() = 5072
latch.getCount() = 5071
latch.getCount() = 5070
latch.getCount() = 5069
latch.getCount() = 5068
latch.getCount() = 5067
latch.getCount() = 5066
latch.getCount() = 5065
latch.getCount() = 5064
latch.getCount() = 5063
latch.getCount() = 5062
latch.getCount() = 5061
latch.getCount() = 5060
latch.getCount() = 5059
latch.getCount() = 5058
latch.getCount() = 5057
latch.getCount() = 5056
latch.getCount() = 5055
latch.getCount() = 5054
latch.getCount() = 5053
latch.getCount() = 5052
latch.getCount() = 5051
latch.getCount() = 5050
latch.getCount() = 5049
latch.getCount() = 5048
latch.getCount() = 5047
latch.getCount() = 5046
latch.getCount() = 5045
latch.getCount() = 5044
latch.getCount() = 5043
latch.getCount() = 5042
latch.getCount() = 5041
latch.getCount() = 5040
latch.getCount() = 5039
latch.getCount() = 5038
latch.getCount() = 5037
latch.getCount() = 5036
latch.getCount() = 5035
latch.getCount() = 5034
latch.getCount() = 5033
latch.getCount() = 5032
latch.getCount() = 5031
latch.getCount() = 5030
latch.getCount() = 5029
latch.getCount() = 5028
latch.getCount() = 5027
latch.getCount() = 5026
latch.getCount() = 5025
latch.getCount() = 5024
latch.getCount() = 5023
latch.getCount() = 5022
latch.getCount() = 5021
latch.getCount() = 5020
latch.getCount() = 5019
latch.getCount() = 5018
latch.getCount() = 5017
latch.getCount() = 5016
latch.getCount() = 5015
latch.getCount() = 5014
latch.getCount() = 5013
latch.getCount() = 5012
latch.getCount() = 5011
latch.getCount() = 5010
latch.getCount() = 5009
latch.getCount() = 5008
latch.getCount() = 5007
latch.getCount() = 5006
latch.getCount() = 5005
latch.getCount() = 5004
latch.getCount() = 5003
latch.getCount() = 5002
latch.getCount() = 5001
latch.getCount() = 5000
latch.getCount() = 4999
latch.getCount() = 4998
latch.getCount() = 4997
latch.getCount() = 4996
latch.getCount() = 4995
latch.getCount() = 4994
latch.getCount() = 4993
latch.getCount() = 4992
latch.getCount() = 4991
latch.getCount() = 4990
latch.getCount() = 4989
latch.getCount() = 4988
latch.getCount() = 4987
latch.getCount() = 4986
latch.getCount() = 4985
latch.getCount() = 4984
latch.getCount() = 4983
latch.getCount() = 4982
latch.getCount() = 4981
latch.getCount() = 4980
latch.getCount() = 4979
latch.getCount() = 4978
latch.getCount() = 4977
latch.getCount() = 4976
latch.getCount() = 4975
latch.getCount() = 4974
latch.getCount() = 4973
latch.getCount() = 4972
latch.getCount() = 4971
latch.getCount() = 4970
latch.getCount() = 4969
latch.getCount() = 4968
latch.getCount() = 4967
latch.getCount() = 4966
latch.getCount() = 4965
latch.getCount() = 4964
latch.getCount() = 4963
latch.getCount() = 4962
latch.getCount() = 4961
latch.getCount() = 4960
latch.getCount() = 4959
latch.getCount() = 4958
latch.getCount() = 4957
latch.getCount() = 4956
latch.getCount() = 4955
latch.getCount() = 4954
latch.getCount() = 4953
latch.getCount() = 4952
latch.getCount() = 4951
latch.getCount() = 4950
latch.getCount() = 4949
latch.getCount() = 4948
latch.getCount() = 4947
latch.getCount() = 4946
latch.getCount() = 4945
latch.getCount() = 4944
latch.getCount() = 4943
latch.getCount() = 4942
latch.getCount() = 4941
latch.getCount() = 4940
latch.getCount() = 4939
latch.getCount() = 4938
latch.getCount() = 4937
latch.getCount() = 4936
latch.getCount() = 4935
latch.getCount() = 4934
latch.getCount() = 4933
latch.getCount() = 4932
latch.getCount() = 4931
latch.getCount() = 4930
latch.getCount() = 4929
latch.getCount() = 4928
latch.getCount() = 4927
latch.getCount() = 4926
latch.getCount() = 4925
latch.getCount() = 4924
latch.getCount() = 4923
latch.getCount() = 4922
latch.getCount() = 4921
latch.getCount() = 4920
latch.getCount() = 4919
latch.getCount() = 4918
latch.getCount() = 4917
latch.getCount() = 4916
latch.getCount() = 4915
latch.getCount() = 4914
latch.getCount() = 4913
latch.getCount() = 4912
latch.getCount() = 4911
latch.getCount() = 4910
latch.getCount() = 4909
latch.getCount() = 4908
latch.getCount() = 4907
latch.getCount() = 4906
latch.getCount() = 4905
latch.getCount() = 4904
latch.getCount() = 4903
latch.getCount() = 4902
latch.getCount() = 4901
latch.getCount() = 4900
latch.getCount() = 4899
latch.getCount() = 4898
latch.getCount() = 4897
latch.getCount() = 4896
latch.getCount() = 4895
latch.getCount() = 4894
latch.getCount() = 4893
latch.getCount() = 4892
latch.getCount() = 4891
latch.getCount() = 4890
latch.getCount() = 4889
latch.getCount() = 4888
latch.getCount() = 4887
latch.getCount() = 4886
latch.getCount() = 4885
latch.getCount() = 4884
latch.getCount() = 4883
latch.getCount() = 4882
latch.getCount() = 4881
latch.getCount() = 4880
latch.getCount() = 4879
latch.getCount() = 4878
latch.getCount() = 4877
latch.getCount() = 4876
latch.getCount() = 4875
latch.getCount() = 4874
latch.getCount() = 4873
latch.getCount() = 4872
latch.getCount() = 4871
latch.getCount() = 4870
latch.getCount() = 4869
latch.getCount() = 4868
latch.getCount() = 4867
latch.getCount() = 4866
latch.getCount() = 4865
latch.getCount() = 4864
latch.getCount() = 4863
latch.getCount() = 4862
latch.getCount() = 4861
latch.getCount() = 4860
latch.getCount() = 4859
latch.getCount() = 4858
latch.getCount() = 4857
latch.getCount() = 4856
latch.getCount() = 4855
latch.getCount() = 4854
latch.getCount() = 4853
latch.getCount() = 4852
latch.getCount() = 4851
latch.getCount() = 4850
latch.getCount() = 4849
latch.getCount() = 4848
latch.getCount() = 4847
latch.getCount() = 4846
latch.getCount() = 4845
latch.getCount() = 4844
latch.getCount() = 4843
latch.getCount() = 4842
latch.getCount() = 4841
latch.getCount() = 4840
latch.getCount() = 4839
latch.getCount() = 4838
latch.getCount() = 4837
latch.getCount() = 4836
latch.getCount() = 4835
latch.getCount() = 4834
latch.getCount() = 4833
latch.getCount() = 4832
latch.getCount() = 4831
latch.getCount() = 4830
latch.getCount() = 4829
latch.getCount() = 4828
latch.getCount() = 4827
latch.getCount() = 4826
latch.getCount() = 4825
latch.getCount() = 4824
latch.getCount() = 4823
latch.getCount() = 4822
latch.getCount() = 4821
latch.getCount() = 4820
latch.getCount() = 4819
latch.getCount() = 4818
latch.getCount() = 4817
latch.getCount() = 4816
latch.getCount() = 4815
latch.getCount() = 4814
latch.getCount() = 4813
latch.getCount() = 4812
latch.getCount() = 4811
latch.getCount() = 4810
latch.getCount() = 4809
latch.getCount() = 4808
latch.getCount() = 4807
latch.getCount() = 4806
latch.getCount() = 4805
latch.getCount() = 4804
latch.getCount() = 4803
latch.getCount() = 4802
latch.getCount() = 4801
latch.getCount() = 4800
latch.getCount() = 4799
latch.getCount() = 4798
latch.getCount() = 4797
latch.getCount() = 4796
latch.getCount() = 4795
latch.getCount() = 4794
latch.getCount() = 4793
latch.getCount() = 4792
latch.getCount() = 4791
latch.getCount() = 4790
latch.getCount() = 4789
latch.getCount() = 4788
latch.getCount() = 4787
latch.getCount() = 4786
latch.getCount() = 4785
latch.getCount() = 4784
latch.getCount() = 4783
latch.getCount() = 4782
latch.getCount() = 4781
latch.getCount() = 4780
latch.getCount() = 4779
latch.getCount() = 4778
latch.getCount() = 4777
latch.getCount() = 4776
latch.getCount() = 4775
latch.getCount() = 4774
latch.getCount() = 4773
latch.getCount() = 4772
latch.getCount() = 4771
latch.getCount() = 4770
latch.getCount() = 4769
latch.getCount() = 4768
latch.getCount() = 4767
latch.getCount() = 4766
latch.getCount() = 4765
latch.getCount() = 4764
latch.getCount() = 4763
latch.getCount() = 4762
latch.getCount() = 4761
latch.getCount() = 4760
latch.getCount() = 4759
latch.getCount() = 4758
latch.getCount() = 4757
latch.getCount() = 4756
latch.getCount() = 4755
latch.getCount() = 4754
latch.getCount() = 4753
latch.getCount() = 4752
latch.getCount() = 4751
latch.getCount() = 4750
latch.getCount() = 4749
latch.getCount() = 4748
latch.getCount() = 4747
latch.getCount() = 4746
latch.getCount() = 4745
latch.getCount() = 4744
latch.getCount() = 4743
latch.getCount() = 4742
latch.getCount() = 4741
latch.getCount() = 4740
latch.getCount() = 4739
latch.getCount() = 4738
latch.getCount() = 4737
latch.getCount() = 4736
latch.getCount() = 4735
latch.getCount() = 4734
latch.getCount() = 4733
latch.getCount() = 4732
latch.getCount() = 4731
latch.getCount() = 4730
latch.getCount() = 4729
latch.getCount() = 4728
latch.getCount() = 4727
latch.getCount() = 4726
latch.getCount() = 4725
latch.getCount() = 4724
latch.getCount() = 4723
latch.getCount() = 4722
latch.getCount() = 4721
latch.getCount() = 4720
latch.getCount() = 4719
latch.getCount() = 4718
latch.getCount() = 4717
latch.getCount() = 4716
latch.getCount() = 4715
latch.getCount() = 4714
latch.getCount() = 4713
latch.getCount() = 4712
latch.getCount() = 4711
latch.getCount() = 4710
latch.getCount() = 4709
latch.getCount() = 4708
latch.getCount() = 4707
latch.getCount() = 4706
latch.getCount() = 4705
latch.getCount() = 4704
latch.getCount() = 4703
latch.getCount() = 4702
latch.getCount() = 4701
latch.getCount() = 4700
latch.getCount() = 4699
latch.getCount() = 4698
latch.getCount() = 4697
latch.getCount() = 4696
latch.getCount() = 4695
latch.getCount() = 4694
latch.getCount() = 4693
latch.getCount() = 4692
latch.getCount() = 4691
latch.getCount() = 4690
latch.getCount() = 4689
latch.getCount() = 4688
latch.getCount() = 4687
latch.getCount() = 4686
latch.getCount() = 4685
latch.getCount() = 4684
latch.getCount() = 4683
latch.getCount() = 4682
latch.getCount() = 4681
latch.getCount() = 4680
latch.getCount() = 4679
latch.getCount() = 4678
latch.getCount() = 4677
latch.getCount() = 4676
latch.getCount() = 4675
latch.getCount() = 4674
latch.getCount() = 4673
latch.getCount() = 4672
latch.getCount() = 4671
latch.getCount() = 4670
latch.getCount() = 4669
latch.getCount() = 4668
latch.getCount() = 4667
latch.getCount() = 4666
latch.getCount() = 4665
latch.getCount() = 4664
latch.getCount() = 4663
latch.getCount() = 4662
latch.getCount() = 4661
latch.getCount() = 4660
latch.getCount() = 4659
latch.getCount() = 4658
latch.getCount() = 4657
latch.getCount() = 4656
latch.getCount() = 4655
latch.getCount() = 4654
latch.getCount() = 4653
latch.getCount() = 4652
latch.getCount() = 4651
latch.getCount() = 4650
latch.getCount() = 4649
latch.getCount() = 4648
latch.getCount() = 4647
latch.getCount() = 4646
latch.getCount() = 4645
latch.getCount() = 4644
latch.getCount() = 4643
latch.getCount() = 4642
latch.getCount() = 4641
latch.getCount() = 4640
latch.getCount() = 4639
latch.getCount() = 4638
latch.getCount() = 4637
latch.getCount() = 4636
latch.getCount() = 4635
latch.getCount() = 4634
latch.getCount() = 4633
latch.getCount() = 4632
latch.getCount() = 4631
latch.getCount() = 4630
latch.getCount() = 4629
latch.getCount() = 4628
latch.getCount() = 4627
latch.getCount() = 4626
latch.getCount() = 4625
latch.getCount() = 4624
latch.getCount() = 4623
latch.getCount() = 4622
latch.getCount() = 4621
latch.getCount() = 4620
latch.getCount() = 4619
latch.getCount() = 4618
latch.getCount() = 4617
latch.getCount() = 4616
latch.getCount() = 4615
latch.getCount() = 4614
latch.getCount() = 4613
latch.getCount() = 4612
latch.getCount() = 4611
latch.getCount() = 4610
latch.getCount() = 4609
latch.getCount() = 4608
latch.getCount() = 4607
latch.getCount() = 4606
latch.getCount() = 4605
latch.getCount() = 4604
latch.getCount() = 4603
latch.getCount() = 4602
latch.getCount() = 4601
latch.getCount() = 4600
latch.getCount() = 4599
latch.getCount() = 4598
latch.getCount() = 4597
latch.getCount() = 4596
latch.getCount() = 4595
latch.getCount() = 4594
latch.getCount() = 4593
latch.getCount() = 4592
latch.getCount() = 4591
latch.getCount() = 4590
latch.getCount() = 4589
latch.getCount() = 4588
latch.getCount() = 4587
latch.getCount() = 4586
latch.getCount() = 4585
latch.getCount() = 4584
latch.getCount() = 4583
latch.getCount() = 4582
latch.getCount() = 4581
latch.getCount() = 4580
latch.getCount() = 4579
latch.getCount() = 4578
latch.getCount() = 4577
latch.getCount() = 4576
latch.getCount() = 4575
latch.getCount() = 4574
latch.getCount() = 4573
latch.getCount() = 4572
latch.getCount() = 4571
latch.getCount() = 4570
latch.getCount() = 4569
latch.getCount() = 4568
latch.getCount() = 4567
latch.getCount() = 4566
latch.getCount() = 4565
latch.getCount() = 4564
latch.getCount() = 4563
latch.getCount() = 4562
latch.getCount() = 4561
latch.getCount() = 4560
latch.getCount() = 4559
latch.getCount() = 4558
latch.getCount() = 4557
latch.getCount() = 4556
latch.getCount() = 4555
latch.getCount() = 4554
latch.getCount() = 4553
latch.getCount() = 4552
latch.getCount() = 4551
latch.getCount() = 4550
latch.getCount() = 4549
latch.getCount() = 4548
latch.getCount() = 4547
latch.getCount() = 4546
latch.getCount() = 4545
latch.getCount() = 4544
latch.getCount() = 4543
latch.getCount() = 4542
latch.getCount() = 4541
latch.getCount() = 4540
latch.getCount() = 4539
latch.getCount() = 4538
latch.getCount() = 4537
latch.getCount() = 4536
latch.getCount() = 4535
latch.getCount() = 4534
latch.getCount() = 4533
latch.getCount() = 4532
latch.getCount() = 4531
latch.getCount() = 4530
latch.getCount() = 4529
latch.getCount() = 4528
latch.getCount() = 4527
latch.getCount() = 4526
latch.getCount() = 4525
latch.getCount() = 4524
latch.getCount() = 4523
latch.getCount() = 4522
latch.getCount() = 4521
latch.getCount() = 4520
latch.getCount() = 4519
latch.getCount() = 4518
latch.getCount() = 4517
latch.getCount() = 4516
latch.getCount() = 4515
latch.getCount() = 4514
latch.getCount() = 4513
latch.getCount() = 4512
latch.getCount() = 4511
latch.getCount() = 4510
latch.getCount() = 4509
latch.getCount() = 4508
latch.getCount() = 4507
latch.getCount() = 4506
latch.getCount() = 4505
latch.getCount() = 4504
latch.getCount() = 4503
latch.getCount() = 4502
latch.getCount() = 4501
latch.getCount() = 4500
latch.getCount() = 4499
latch.getCount() = 4498
latch.getCount() = 4497
latch.getCount() = 4496
latch.getCount() = 4495
latch.getCount() = 4494
latch.getCount() = 4493
latch.getCount() = 4492
latch.getCount() = 4491
latch.getCount() = 4490
latch.getCount() = 4489
latch.getCount() = 4488
latch.getCount() = 4487
latch.getCount() = 4486
latch.getCount() = 4485
latch.getCount() = 4484
latch.getCount() = 4483
latch.getCount() = 4482
latch.getCount() = 4481
latch.getCount() = 4480
latch.getCount() = 4479
latch.getCount() = 4478
latch.getCount() = 4477
latch.getCount() = 4476
latch.getCount() = 4475
latch.getCount() = 4474
latch.getCount() = 4473
latch.getCount() = 4472
latch.getCount() = 4471
latch.getCount() = 4470
latch.getCount() = 4469
latch.getCount() = 4468
latch.getCount() = 4467
latch.getCount() = 4466
latch.getCount() = 4465
latch.getCount() = 4464
latch.getCount() = 4463
latch.getCount() = 4462
latch.getCount() = 4461
latch.getCount() = 4460
latch.getCount() = 4459
latch.getCount() = 4458
latch.getCount() = 4457
latch.getCount() = 4456
latch.getCount() = 4455
latch.getCount() = 4454
latch.getCount() = 4453
latch.getCount() = 4452
latch.getCount() = 4451
latch.getCount() = 4450
latch.getCount() = 4449
latch.getCount() = 4448
latch.getCount() = 4447
latch.getCount() = 4446
latch.getCount() = 4445
latch.getCount() = 4444
latch.getCount() = 4443
latch.getCount() = 4442
latch.getCount() = 4441
latch.getCount() = 4440
latch.getCount() = 4439
latch.getCount() = 4438
latch.getCount() = 4437
latch.getCount() = 4436
latch.getCount() = 4435
latch.getCount() = 4434
latch.getCount() = 4433
latch.getCount() = 4432
latch.getCount() = 4431
latch.getCount() = 4430
latch.getCount() = 4429
latch.getCount() = 4428
latch.getCount() = 4427
latch.getCount() = 4426
latch.getCount() = 4425
latch.getCount() = 4424
latch.getCount() = 4423
latch.getCount() = 4422
latch.getCount() = 4421
latch.getCount() = 4420
latch.getCount() = 4419
latch.getCount() = 4418
latch.getCount() = 4417
latch.getCount() = 4416
latch.getCount() = 4415
latch.getCount() = 4414
latch.getCount() = 4413
latch.getCount() = 4412
latch.getCount() = 4411
latch.getCount() = 4410
latch.getCount() = 4409
latch.getCount() = 4408
latch.getCount() = 4407
latch.getCount() = 4406
latch.getCount() = 4405
latch.getCount() = 4404
latch.getCount() = 4403
latch.getCount() = 4402
latch.getCount() = 4401
latch.getCount() = 4400
latch.getCount() = 4399
latch.getCount() = 4398
latch.getCount() = 4397
latch.getCount() = 4396
latch.getCount() = 4395
latch.getCount() = 4394
latch.getCount() = 4393
latch.getCount() = 4392
latch.getCount() = 4391
latch.getCount() = 4390
latch.getCount() = 4389
latch.getCount() = 4388
latch.getCount() = 4387
latch.getCount() = 4386
latch.getCount() = 4385
latch.getCount() = 4384
latch.getCount() = 4383
latch.getCount() = 4382
latch.getCount() = 4381
latch.getCount() = 4380
latch.getCount() = 4379
latch.getCount() = 4378
latch.getCount() = 4377
latch.getCount() = 4376
latch.getCount() = 4375
latch.getCount() = 4374
latch.getCount() = 4373
latch.getCount() = 4372
latch.getCount() = 4371
latch.getCount() = 4370
latch.getCount() = 4369
latch.getCount() = 4368
latch.getCount() = 4367
latch.getCount() = 4366
latch.getCount() = 4365
latch.getCount() = 4364
latch.getCount() = 4363
latch.getCount() = 4362
latch.getCount() = 4361
latch.getCount() = 4360
latch.getCount() = 4359
latch.getCount() = 4358
latch.getCount() = 4357
latch.getCount() = 4356
latch.getCount() = 4355
latch.getCount() = 4354
latch.getCount() = 4353
latch.getCount() = 4352
latch.getCount() = 4351
latch.getCount() = 4350
latch.getCount() = 4349
latch.getCount() = 4348
latch.getCount() = 4347
latch.getCount() = 4346
latch.getCount() = 4345
latch.getCount() = 4344
latch.getCount() = 4343
latch.getCount() = 4342
latch.getCount() = 4341
latch.getCount() = 4340
latch.getCount() = 4339
latch.getCount() = 4338
latch.getCount() = 4337
latch.getCount() = 4336
latch.getCount() = 4335
latch.getCount() = 4334
latch.getCount() = 4333
latch.getCount() = 4332
latch.getCount() = 4331
latch.getCount() = 4330
latch.getCount() = 4329
latch.getCount() = 4328
latch.getCount() = 4327
latch.getCount() = 4326
latch.getCount() = 4325
latch.getCount() = 4324
latch.getCount() = 4323
latch.getCount() = 4322
latch.getCount() = 4321
latch.getCount() = 4320
latch.getCount() = 4319
latch.getCount() = 4318
latch.getCount() = 4317
latch.getCount() = 4316
latch.getCount() = 4315
latch.getCount() = 4314
latch.getCount() = 4313
latch.getCount() = 4312
latch.getCount() = 4311
latch.getCount() = 4310
latch.getCount() = 4309
latch.getCount() = 4308
latch.getCount() = 4307
latch.getCount() = 4306
latch.getCount() = 4305
latch.getCount() = 4304
latch.getCount() = 4303
latch.getCount() = 4302
latch.getCount() = 4301
latch.getCount() = 4300
latch.getCount() = 4299
latch.getCount() = 4298
latch.getCount() = 4297
latch.getCount() = 4296
latch.getCount() = 4295
latch.getCount() = 4294
latch.getCount() = 4293
latch.getCount() = 4292
latch.getCount() = 4291
latch.getCount() = 4290
latch.getCount() = 4289
latch.getCount() = 4288
latch.getCount() = 4287
latch.getCount() = 4286
latch.getCount() = 4285
latch.getCount() = 4284
latch.getCount() = 4283
latch.getCount() = 4282
latch.getCount() = 4281
latch.getCount() = 4280
latch.getCount() = 4279
latch.getCount() = 4278
latch.getCount() = 4277
latch.getCount() = 4276
latch.getCount() = 4275
latch.getCount() = 4274
latch.getCount() = 4273
latch.getCount() = 4272
latch.getCount() = 4271
latch.getCount() = 4270
latch.getCount() = 4269
latch.getCount() = 4268
latch.getCount() = 4267
latch.getCount() = 4266
latch.getCount() = 4265
latch.getCount() = 4264
latch.getCount() = 4263
latch.getCount() = 4262
latch.getCount() = 4261
latch.getCount() = 4260
latch.getCount() = 4259
latch.getCount() = 4258
latch.getCount() = 4257
latch.getCount() = 4256
latch.getCount() = 4255
latch.getCount() = 4254
latch.getCount() = 4253
latch.getCount() = 4252
latch.getCount() = 4251
latch.getCount() = 4250
latch.getCount() = 4249
latch.getCount() = 4248
latch.getCount() = 4247
latch.getCount() = 4246
latch.getCount() = 4245
latch.getCount() = 4244
latch.getCount() = 4243
latch.getCount() = 4242
latch.getCount() = 4241
latch.getCount() = 4240
latch.getCount() = 4239
latch.getCount() = 4238
latch.getCount() = 4237
latch.getCount() = 4236
latch.getCount() = 4235
latch.getCount() = 4234
latch.getCount() = 4233
latch.getCount() = 4232
latch.getCount() = 4231
latch.getCount() = 4230
latch.getCount() = 4229
latch.getCount() = 4228
latch.getCount() = 4227
latch.getCount() = 4226
latch.getCount() = 4225
latch.getCount() = 4224
latch.getCount() = 4223
latch.getCount() = 4222
latch.getCount() = 4221
latch.getCount() = 4220
latch.getCount() = 4219
latch.getCount() = 4218
latch.getCount() = 4217
latch.getCount() = 4216
latch.getCount() = 4215
latch.getCount() = 4214
latch.getCount() = 4213
latch.getCount() = 4212
latch.getCount() = 4211
latch.getCount() = 4210
latch.getCount() = 4209
latch.getCount() = 4208
latch.getCount() = 4207
latch.getCount() = 4206
latch.getCount() = 4205
latch.getCount() = 4204
latch.getCount() = 4203
latch.getCount() = 4202
latch.getCount() = 4201
latch.getCount() = 4200
latch.getCount() = 4199
latch.getCount() = 4198
latch.getCount() = 4197
latch.getCount() = 4196
latch.getCount() = 4195
latch.getCount() = 4194
latch.getCount() = 4193
latch.getCount() = 4192
latch.getCount() = 4191
latch.getCount() = 4190
latch.getCount() = 4189
latch.getCount() = 4188
latch.getCount() = 4187
latch.getCount() = 4186
latch.getCount() = 4185
latch.getCount() = 4184
latch.getCount() = 4183
latch.getCount() = 4182
latch.getCount() = 4181
latch.getCount() = 4180
latch.getCount() = 4179
latch.getCount() = 4178
latch.getCount() = 4177
latch.getCount() = 4176
latch.getCount() = 4175
latch.getCount() = 4174
latch.getCount() = 4173
latch.getCount() = 4172
latch.getCount() = 4171
latch.getCount() = 4170
latch.getCount() = 4169
latch.getCount() = 4168
latch.getCount() = 4167
latch.getCount() = 4166
latch.getCount() = 4165
latch.getCount() = 4164
latch.getCount() = 4163
latch.getCount() = 4162
latch.getCount() = 4161
latch.getCount() = 4160
latch.getCount() = 4159
latch.getCount() = 4158
latch.getCount() = 4157
latch.getCount() = 4156
latch.getCount() = 4155
latch.getCount() = 4154
latch.getCount() = 4153
latch.getCount() = 4152
latch.getCount() = 4151
latch.getCount() = 4150
latch.getCount() = 4149
latch.getCount() = 4148
latch.getCount() = 4147
latch.getCount() = 4146
latch.getCount() = 4145
latch.getCount() = 4144
latch.getCount() = 4143
latch.getCount() = 4142
latch.getCount() = 4141
latch.getCount() = 4140
latch.getCount() = 4139
latch.getCount() = 4138
latch.getCount() = 4137
latch.getCount() = 4136
latch.getCount() = 4135
latch.getCount() = 4134
latch.getCount() = 4133
latch.getCount() = 4132
latch.getCount() = 4131
latch.getCount() = 4130
latch.getCount() = 4129
latch.getCount() = 4128
latch.getCount() = 4127
latch.getCount() = 4126
latch.getCount() = 4125
latch.getCount() = 4124
latch.getCount() = 4123
latch.getCount() = 4122
latch.getCount() = 4121
latch.getCount() = 4120
latch.getCount() = 4119
latch.getCount() = 4118
latch.getCount() = 4117
latch.getCount() = 4116
latch.getCount() = 4115
latch.getCount() = 4114
latch.getCount() = 4113
latch.getCount() = 4112
latch.getCount() = 4111
latch.getCount() = 4110
latch.getCount() = 4109
latch.getCount() = 4108
latch.getCount() = 4107
latch.getCount() = 4106
latch.getCount() = 4105
latch.getCount() = 4104
latch.getCount() = 4103
latch.getCount() = 4102
latch.getCount() = 4101
latch.getCount() = 4100
latch.getCount() = 4099
latch.getCount() = 4098
latch.getCount() = 4097
latch.getCount() = 4096
latch.getCount() = 4095
latch.getCount() = 4094
latch.getCount() = 4093
latch.getCount() = 4092
latch.getCount() = 4091
latch.getCount() = 4090
latch.getCount() = 4089
latch.getCount() = 4088
latch.getCount() = 4087
latch.getCount() = 4086
latch.getCount() = 4085
latch.getCount() = 4084
latch.getCount() = 4083
latch.getCount() = 4082
latch.getCount() = 4081
latch.getCount() = 4080
latch.getCount() = 4079
latch.getCount() = 4078
latch.getCount() = 4077
latch.getCount() = 4076
latch.getCount() = 4075
latch.getCount() = 4074
latch.getCount() = 4073
latch.getCount() = 4072
latch.getCount() = 4071
latch.getCount() = 4070
latch.getCount() = 4069
latch.getCount() = 4068
latch.getCount() = 4067
latch.getCount() = 4066
latch.getCount() = 4065
latch.getCount() = 4064
latch.getCount() = 4063
latch.getCount() = 4062
latch.getCount() = 4061
latch.getCount() = 4060
latch.getCount() = 4059
latch.getCount() = 4058
latch.getCount() = 4057
latch.getCount() = 4056
latch.getCount() = 4055
latch.getCount() = 4054
latch.getCount() = 4053
latch.getCount() = 4052
latch.getCount() = 4051
latch.getCount() = 4050
latch.getCount() = 4049
latch.getCount() = 4048
latch.getCount() = 4047
latch.getCount() = 4046
latch.getCount() = 4045
latch.getCount() = 4044
latch.getCount() = 4043
latch.getCount() = 4042
latch.getCount() = 4041
latch.getCount() = 4040
latch.getCount() = 4039
latch.getCount() = 4038
latch.getCount() = 4037
latch.getCount() = 4036
latch.getCount() = 4035
latch.getCount() = 4034
latch.getCount() = 4033
latch.getCount() = 4032
latch.getCount() = 4031
latch.getCount() = 4030
latch.getCount() = 4029
latch.getCount() = 4028
latch.getCount() = 4027
latch.getCount() = 4026
latch.getCount() = 4025
latch.getCount() = 4024
latch.getCount() = 4023
latch.getCount() = 4022
latch.getCount() = 4021
latch.getCount() = 4020
latch.getCount() = 4019
latch.getCount() = 4018
latch.getCount() = 4017
latch.getCount() = 4016
latch.getCount() = 4015
latch.getCount() = 4014
latch.getCount() = 4013
latch.getCount() = 4012
latch.getCount() = 4011
latch.getCount() = 4010
latch.getCount() = 4009
latch.getCount() = 4008
latch.getCount() = 4007
latch.getCount() = 4006
latch.getCount() = 4005
latch.getCount() = 4004
latch.getCount() = 4003
latch.getCount() = 4002
latch.getCount() = 4001
latch.getCount() = 4000
latch.getCount() = 3999
latch.getCount() = 3998
latch.getCount() = 3997
latch.getCount() = 3996
latch.getCount() = 3995
latch.getCount() = 3994
latch.getCount() = 3993
latch.getCount() = 3992
latch.getCount() = 3991
latch.getCount() = 3990
latch.getCount() = 3989
latch.getCount() = 3988
latch.getCount() = 3987
latch.getCount() = 3986
latch.getCount() = 3985
latch.getCount() = 3984
latch.getCount() = 3983
latch.getCount() = 3982
latch.getCount() = 3981
latch.getCount() = 3980
latch.getCount() = 3979
latch.getCount() = 3978
latch.getCount() = 3977
latch.getCount() = 3976
latch.getCount() = 3975
latch.getCount() = 3974
latch.getCount() = 3973
latch.getCount() = 3972
latch.getCount() = 3971
latch.getCount() = 3970
latch.getCount() = 3969
latch.getCount() = 3968
latch.getCount() = 3967
latch.getCount() = 3966
latch.getCount() = 3965
latch.getCount() = 3964
latch.getCount() = 3963
latch.getCount() = 3962
latch.getCount() = 3961
latch.getCount() = 3960
latch.getCount() = 3959
latch.getCount() = 3958
latch.getCount() = 3957
latch.getCount() = 3956
latch.getCount() = 3955
latch.getCount() = 3954
latch.getCount() = 3953
latch.getCount() = 3952
latch.getCount() = 3951
latch.getCount() = 3950
latch.getCount() = 3949
latch.getCount() = 3948
latch.getCount() = 3947
latch.getCount() = 3946
latch.getCount() = 3945
latch.getCount() = 3944
latch.getCount() = 3943
latch.getCount() = 3942
latch.getCount() = 3941
latch.getCount() = 3940
latch.getCount() = 3939
latch.getCount() = 3938
latch.getCount() = 3937
latch.getCount() = 3936
latch.getCount() = 3935
latch.getCount() = 3934
latch.getCount() = 3933
latch.getCount() = 3932
latch.getCount() = 3931
latch.getCount() = 3930
latch.getCount() = 3929
latch.getCount() = 3928
latch.getCount() = 3927
latch.getCount() = 3926
latch.getCount() = 3925
latch.getCount() = 3924
latch.getCount() = 3923
latch.getCount() = 3922
latch.getCount() = 3921
latch.getCount() = 3920
latch.getCount() = 3919
latch.getCount() = 3918
latch.getCount() = 3917
latch.getCount() = 3916
latch.getCount() = 3915
latch.getCount() = 3914
latch.getCount() = 3913
latch.getCount() = 3912
latch.getCount() = 3911
latch.getCount() = 3910
latch.getCount() = 3909
latch.getCount() = 3908
latch.getCount() = 3907
latch.getCount() = 3906
latch.getCount() = 3905
latch.getCount() = 3904
latch.getCount() = 3903
latch.getCount() = 3902
latch.getCount() = 3901
latch.getCount() = 3900
latch.getCount() = 3899
latch.getCount() = 3898
latch.getCount() = 3897
latch.getCount() = 3896
latch.getCount() = 3895
latch.getCount() = 3894
latch.getCount() = 3893
latch.getCount() = 3892
latch.getCount() = 3891
latch.getCount() = 3890
latch.getCount() = 3889
latch.getCount() = 3888
latch.getCount() = 3887
latch.getCount() = 3886
latch.getCount() = 3885
latch.getCount() = 3884
latch.getCount() = 3883
latch.getCount() = 3882
latch.getCount() = 3881
latch.getCount() = 3880
latch.getCount() = 3879
latch.getCount() = 3878
latch.getCount() = 3877
latch.getCount() = 3876
latch.getCount() = 3875
latch.getCount() = 3874
latch.getCount() = 3873
latch.getCount() = 3872
latch.getCount() = 3871
latch.getCount() = 3870
latch.getCount() = 3869
latch.getCount() = 3868
latch.getCount() = 3867
latch.getCount() = 3866
latch.getCount() = 3865
latch.getCount() = 3864
latch.getCount() = 3863
latch.getCount() = 3862
latch.getCount() = 3861
latch.getCount() = 3860
latch.getCount() = 3859
latch.getCount() = 3858
latch.getCount() = 3857
latch.getCount() = 3856
latch.getCount() = 3855
latch.getCount() = 3854
latch.getCount() = 3853
latch.getCount() = 3852
latch.getCount() = 3851
latch.getCount() = 3850
latch.getCount() = 3849
latch.getCount() = 3848
latch.getCount() = 3847
latch.getCount() = 3846
latch.getCount() = 3845
latch.getCount() = 3844
latch.getCount() = 3843
latch.getCount() = 3842
latch.getCount() = 3841
latch.getCount() = 3840
latch.getCount() = 3839
latch.getCount() = 3838
latch.getCount() = 3837
latch.getCount() = 3836
latch.getCount() = 3835
latch.getCount() = 3834
latch.getCount() = 3833
latch.getCount() = 3832
latch.getCount() = 3831
latch.getCount() = 3830
latch.getCount() = 3829
latch.getCount() = 3828
latch.getCount() = 3827
latch.getCount() = 3826
latch.getCount() = 3825
latch.getCount() = 3824
latch.getCount() = 3823
latch.getCount() = 3822
latch.getCount() = 3821
latch.getCount() = 3820
latch.getCount() = 3819
latch.getCount() = 3818
latch.getCount() = 3817
latch.getCount() = 3816
latch.getCount() = 3815
latch.getCount() = 3814
latch.getCount() = 3813
latch.getCount() = 3812
latch.getCount() = 3811
latch.getCount() = 3810
latch.getCount() = 3809
latch.getCount() = 3808
latch.getCount() = 3807
latch.getCount() = 3806
latch.getCount() = 3805
latch.getCount() = 3804
latch.getCount() = 3803
latch.getCount() = 3802
latch.getCount() = 3801
latch.getCount() = 3800
latch.getCount() = 3799
latch.getCount() = 3798
latch.getCount() = 3797
latch.getCount() = 3796
latch.getCount() = 3795
latch.getCount() = 3794
latch.getCount() = 3793
latch.getCount() = 3792
latch.getCount() = 3791
latch.getCount() = 3790
latch.getCount() = 3789
latch.getCount() = 3788
latch.getCount() = 3787
latch.getCount() = 3786
latch.getCount() = 3785
latch.getCount() = 3784
latch.getCount() = 3783
latch.getCount() = 3782
latch.getCount() = 3781
latch.getCount() = 3780
latch.getCount() = 3779
latch.getCount() = 3778
latch.getCount() = 3777
latch.getCount() = 3776
latch.getCount() = 3775
latch.getCount() = 3774
latch.getCount() = 3773
latch.getCount() = 3772
latch.getCount() = 3771
latch.getCount() = 3770
latch.getCount() = 3769
latch.getCount() = 3768
latch.getCount() = 3767
latch.getCount() = 3766
latch.getCount() = 3765
latch.getCount() = 3764
latch.getCount() = 3763
latch.getCount() = 3762
latch.getCount() = 3761
latch.getCount() = 3760
latch.getCount() = 3759
latch.getCount() = 3758
latch.getCount() = 3757
latch.getCount() = 3756
latch.getCount() = 3755
latch.getCount() = 3754
latch.getCount() = 3753
latch.getCount() = 3752
latch.getCount() = 3751
latch.getCount() = 3750
latch.getCount() = 3749
latch.getCount() = 3748
latch.getCount() = 3747
latch.getCount() = 3746
latch.getCount() = 3745
latch.getCount() = 3744
latch.getCount() = 3743
latch.getCount() = 3742
latch.getCount() = 3741
latch.getCount() = 3740
latch.getCount() = 3739
latch.getCount() = 3738
latch.getCount() = 3737
latch.getCount() = 3736
latch.getCount() = 3735
latch.getCount() = 3734
latch.getCount() = 3733
latch.getCount() = 3732
latch.getCount() = 3731
latch.getCount() = 3730
latch.getCount() = 3729
latch.getCount() = 3728
latch.getCount() = 3727
latch.getCount() = 3726
latch.getCount() = 3725
latch.getCount() = 3724
latch.getCount() = 3723
latch.getCount() = 3722
latch.getCount() = 3721
latch.getCount() = 3720
latch.getCount() = 3719
latch.getCount() = 3718
latch.getCount() = 3717
latch.getCount() = 3716
latch.getCount() = 3715
latch.getCount() = 3714
latch.getCount() = 3713
latch.getCount() = 3712
latch.getCount() = 3711
latch.getCount() = 3710
latch.getCount() = 3709
latch.getCount() = 3708
latch.getCount() = 3707
latch.getCount() = 3706
latch.getCount() = 3705
latch.getCount() = 3704
latch.getCount() = 3703
latch.getCount() = 3702
latch.getCount() = 3701
latch.getCount() = 3700
latch.getCount() = 3699
latch.getCount() = 3698
latch.getCount() = 3697
latch.getCount() = 3696
latch.getCount() = 3695
latch.getCount() = 3694
latch.getCount() = 3693
latch.getCount() = 3692
latch.getCount() = 3691
latch.getCount() = 3690
latch.getCount() = 3689
latch.getCount() = 3688
latch.getCount() = 3687
latch.getCount() = 3686
latch.getCount() = 3685
latch.getCount() = 3684
latch.getCount() = 3683
latch.getCount() = 3682
latch.getCount() = 3681
latch.getCount() = 3680
latch.getCount() = 3679
latch.getCount() = 3678
latch.getCount() = 3677
latch.getCount() = 3676
latch.getCount() = 3675
latch.getCount() = 3674
latch.getCount() = 3673
latch.getCount() = 3672
latch.getCount() = 3671
latch.getCount() = 3670
latch.getCount() = 3669
latch.getCount() = 3668
latch.getCount() = 3667
latch.getCount() = 3666
latch.getCount() = 3665
latch.getCount() = 3664
latch.getCount() = 3663
latch.getCount() = 3662
latch.getCount() = 3661
latch.getCount() = 3660
latch.getCount() = 3659
latch.getCount() = 3658
latch.getCount() = 3657
latch.getCount() = 3656
latch.getCount() = 3655
latch.getCount() = 3654
latch.getCount() = 3653
latch.getCount() = 3652
latch.getCount() = 3651
latch.getCount() = 3650
latch.getCount() = 3649
latch.getCount() = 3648
latch.getCount() = 3647
latch.getCount() = 3646
latch.getCount() = 3645
latch.getCount() = 3644
latch.getCount() = 3643
latch.getCount() = 3642
latch.getCount() = 3641
latch.getCount() = 3640
latch.getCount() = 3639
latch.getCount() = 3638
latch.getCount() = 3637
latch.getCount() = 3636
latch.getCount() = 3635
latch.getCount() = 3634
latch.getCount() = 3633
latch.getCount() = 3632
latch.getCount() = 3631
latch.getCount() = 3630
latch.getCount() = 3629
latch.getCount() = 3628
latch.getCount() = 3627
latch.getCount() = 3626
latch.getCount() = 3625
latch.getCount() = 3624
latch.getCount() = 3623
latch.getCount() = 3622
latch.getCount() = 3621
latch.getCount() = 3620
latch.getCount() = 3619
latch.getCount() = 3618
latch.getCount() = 3617
latch.getCount() = 3616
latch.getCount() = 3615
latch.getCount() = 3614
latch.getCount() = 3613
latch.getCount() = 3612
latch.getCount() = 3611
latch.getCount() = 3610
latch.getCount() = 3609
latch.getCount() = 3608
latch.getCount() = 3607
latch.getCount() = 3606
latch.getCount() = 3605
latch.getCount() = 3604
latch.getCount() = 3603
latch.getCount() = 3602
latch.getCount() = 3601
latch.getCount() = 3600
latch.getCount() = 3599
latch.getCount() = 3598
latch.getCount() = 3597
latch.getCount() = 3596
latch.getCount() = 3595
latch.getCount() = 3594
latch.getCount() = 3593
latch.getCount() = 3592
latch.getCount() = 3591
latch.getCount() = 3590
latch.getCount() = 3589
latch.getCount() = 3588
latch.getCount() = 3587
latch.getCount() = 3586
latch.getCount() = 3585
latch.getCount() = 3584
latch.getCount() = 3583
latch.getCount() = 3582
latch.getCount() = 3581
latch.getCount() = 3580
latch.getCount() = 3579
latch.getCount() = 3578
latch.getCount() = 3577
latch.getCount() = 3576
latch.getCount() = 3575
latch.getCount() = 3574
latch.getCount() = 3573
latch.getCount() = 3572
latch.getCount() = 3571
latch.getCount() = 3570
latch.getCount() = 3569
latch.getCount() = 3568
latch.getCount() = 3567
latch.getCount() = 3566
latch.getCount() = 3565
latch.getCount() = 3564
latch.getCount() = 3563
latch.getCount() = 3562
latch.getCount() = 3561
latch.getCount() = 3560
latch.getCount() = 3559
latch.getCount() = 3558
latch.getCount() = 3557
latch.getCount() = 3556
latch.getCount() = 3555
latch.getCount() = 3554
latch.getCount() = 3553
latch.getCount() = 3552
latch.getCount() = 3551
latch.getCount() = 3550
latch.getCount() = 3549
latch.getCount() = 3548
latch.getCount() = 3547
latch.getCount() = 3546
latch.getCount() = 3545
latch.getCount() = 3544
latch.getCount() = 3543
latch.getCount() = 3542
latch.getCount() = 3541
latch.getCount() = 3540
latch.getCount() = 3539
latch.getCount() = 3538
latch.getCount() = 3537
latch.getCount() = 3536
latch.getCount() = 3535
latch.getCount() = 3534
latch.getCount() = 3533
latch.getCount() = 3532
latch.getCount() = 3531
latch.getCount() = 3530
latch.getCount() = 3529
latch.getCount() = 3528
latch.getCount() = 3527
latch.getCount() = 3526
latch.getCount() = 3525
latch.getCount() = 3524
latch.getCount() = 3523
latch.getCount() = 3522
latch.getCount() = 3521
latch.getCount() = 3520
latch.getCount() = 3519
latch.getCount() = 3518
latch.getCount() = 3517
latch.getCount() = 3516
latch.getCount() = 3515
latch.getCount() = 3514
latch.getCount() = 3513
latch.getCount() = 3512
latch.getCount() = 3511
latch.getCount() = 3510
latch.getCount() = 3509
latch.getCount() = 3508
latch.getCount() = 3507
latch.getCount() = 3506
latch.getCount() = 3505
latch.getCount() = 3504
latch.getCount() = 3503
latch.getCount() = 3502
latch.getCount() = 3501
latch.getCount() = 3500
latch.getCount() = 3499
latch.getCount() = 3498
latch.getCount() = 3497
latch.getCount() = 3496
latch.getCount() = 3495
latch.getCount() = 3494
latch.getCount() = 3493
latch.getCount() = 3492
latch.getCount() = 3491
latch.getCount() = 3490
latch.getCount() = 3489
latch.getCount() = 3488
latch.getCount() = 3487
latch.getCount() = 3486
latch.getCount() = 3485
latch.getCount() = 3484
latch.getCount() = 3483
latch.getCount() = 3482
latch.getCount() = 3481
latch.getCount() = 3480
latch.getCount() = 3479
latch.getCount() = 3478
latch.getCount() = 3477
latch.getCount() = 3476
latch.getCount() = 3475
latch.getCount() = 3474
latch.getCount() = 3473
latch.getCount() = 3472
latch.getCount() = 3471
latch.getCount() = 3470
latch.getCount() = 3469
latch.getCount() = 3468
latch.getCount() = 3467
latch.getCount() = 3466
latch.getCount() = 3465
latch.getCount() = 3464
latch.getCount() = 3463
latch.getCount() = 3462
latch.getCount() = 3461
latch.getCount() = 3460
latch.getCount() = 3459
latch.getCount() = 3458
latch.getCount() = 3457
latch.getCount() = 3456
latch.getCount() = 3455
latch.getCount() = 3454
latch.getCount() = 3453
latch.getCount() = 3452
latch.getCount() = 3451
latch.getCount() = 3450
latch.getCount() = 3449
latch.getCount() = 3448
latch.getCount() = 3447
latch.getCount() = 3446
latch.getCount() = 3445
latch.getCount() = 3444
latch.getCount() = 3443
latch.getCount() = 3442
latch.getCount() = 3441
latch.getCount() = 3440
latch.getCount() = 3439
latch.getCount() = 3438
latch.getCount() = 3437
latch.getCount() = 3436
latch.getCount() = 3435
latch.getCount() = 3434
latch.getCount() = 3433
latch.getCount() = 3432
latch.getCount() = 3431
latch.getCount() = 3430
latch.getCount() = 3429
latch.getCount() = 3428
latch.getCount() = 3427
latch.getCount() = 3426
latch.getCount() = 3425
latch.getCount() = 3424
latch.getCount() = 3423
latch.getCount() = 3422
latch.getCount() = 3421
latch.getCount() = 3420
latch.getCount() = 3419
latch.getCount() = 3418
latch.getCount() = 3417
latch.getCount() = 3416
latch.getCount() = 3415
latch.getCount() = 3414
latch.getCount() = 3413
latch.getCount() = 3412
latch.getCount() = 3411
latch.getCount() = 3410
latch.getCount() = 3409
latch.getCount() = 3408
latch.getCount() = 3407
latch.getCount() = 3406
latch.getCount() = 3405
latch.getCount() = 3404
latch.getCount() = 3403
latch.getCount() = 3402
latch.getCount() = 3401
latch.getCount() = 3400
latch.getCount() = 3399
latch.getCount() = 3398
latch.getCount() = 3397
latch.getCount() = 3396
latch.getCount() = 3395
latch.getCount() = 3394
latch.getCount() = 3393
latch.getCount() = 3392
latch.getCount() = 3391
latch.getCount() = 3390
latch.getCount() = 3389
latch.getCount() = 3388
latch.getCount() = 3387
latch.getCount() = 3386
latch.getCount() = 3385
latch.getCount() = 3384
latch.getCount() = 3383
latch.getCount() = 3382
latch.getCount() = 3381
latch.getCount() = 3380
latch.getCount() = 3379
latch.getCount() = 3378
latch.getCount() = 3377
latch.getCount() = 3376
latch.getCount() = 3375
latch.getCount() = 3374
latch.getCount() = 3373
latch.getCount() = 3372
latch.getCount() = 3371
latch.getCount() = 3370
latch.getCount() = 3369
latch.getCount() = 3368
latch.getCount() = 3367
latch.getCount() = 3366
latch.getCount() = 3365
latch.getCount() = 3364
latch.getCount() = 3363
latch.getCount() = 3362
latch.getCount() = 3361
latch.getCount() = 3360
latch.getCount() = 3359
latch.getCount() = 3358
latch.getCount() = 3357
latch.getCount() = 3356
latch.getCount() = 3355
latch.getCount() = 3354
latch.getCount() = 3353
latch.getCount() = 3352
latch.getCount() = 3351
latch.getCount() = 3350
latch.getCount() = 3349
latch.getCount() = 3348
latch.getCount() = 3347
latch.getCount() = 3346
latch.getCount() = 3345
latch.getCount() = 3344
latch.getCount() = 3343
latch.getCount() = 3342
latch.getCount() = 3341
latch.getCount() = 3340
latch.getCount() = 3339
latch.getCount() = 3338
latch.getCount() = 3337
latch.getCount() = 3336
latch.getCount() = 3335
latch.getCount() = 3334
latch.getCount() = 3333
latch.getCount() = 3332
latch.getCount() = 3331
latch.getCount() = 3330
latch.getCount() = 3329
latch.getCount() = 3328
latch.getCount() = 3327
latch.getCount() = 3326
latch.getCount() = 3325
latch.getCount() = 3324
latch.getCount() = 3323
latch.getCount() = 3322
latch.getCount() = 3321
latch.getCount() = 3320
latch.getCount() = 3319
latch.getCount() = 3318
latch.getCount() = 3317
latch.getCount() = 3316
latch.getCount() = 3315
latch.getCount() = 3314
latch.getCount() = 3313
latch.getCount() = 3312
latch.getCount() = 3311
latch.getCount() = 3310
latch.getCount() = 3309
latch.getCount() = 3308
latch.getCount() = 3307
latch.getCount() = 3306
latch.getCount() = 3305
latch.getCount() = 3304
latch.getCount() = 3303
latch.getCount() = 3302
latch.getCount() = 3301
latch.getCount() = 3300
latch.getCount() = 3299
latch.getCount() = 3298
latch.getCount() = 3297
latch.getCount() = 3296
latch.getCount() = 3295
latch.getCount() = 3294
latch.getCount() = 3293
latch.getCount() = 3292
latch.getCount() = 3291
latch.getCount() = 3290
latch.getCount() = 3289
latch.getCount() = 3288
latch.getCount() = 3287
latch.getCount() = 3286
latch.getCount() = 3285
latch.getCount() = 3284
latch.getCount() = 3283
latch.getCount() = 3282
latch.getCount() = 3281
latch.getCount() = 3280
latch.getCount() = 3279
latch.getCount() = 3278
latch.getCount() = 3277
latch.getCount() = 3276
latch.getCount() = 3275
latch.getCount() = 3274
latch.getCount() = 3273
latch.getCount() = 3272
latch.getCount() = 3271
latch.getCount() = 3270
latch.getCount() = 3269
latch.getCount() = 3268
latch.getCount() = 3267
latch.getCount() = 3266
latch.getCount() = 3265
latch.getCount() = 3264
latch.getCount() = 3263
latch.getCount() = 3262
latch.getCount() = 3261
latch.getCount() = 3260
latch.getCount() = 3259
latch.getCount() = 3258
latch.getCount() = 3257
latch.getCount() = 3256
latch.getCount() = 3255
latch.getCount() = 3254
latch.getCount() = 3253
latch.getCount() = 3252
latch.getCount() = 3251
latch.getCount() = 3250
latch.getCount() = 3249
latch.getCount() = 3248
latch.getCount() = 3247
latch.getCount() = 3246
latch.getCount() = 3245
latch.getCount() = 3244
latch.getCount() = 3243
latch.getCount() = 3242
latch.getCount() = 3241
latch.getCount() = 3240
latch.getCount() = 3239
latch.getCount() = 3238
latch.getCount() = 3237
latch.getCount() = 3236
latch.getCount() = 3235
latch.getCount() = 3234
latch.getCount() = 3233
latch.getCount() = 3232
latch.getCount() = 3231
latch.getCount() = 3230
latch.getCount() = 3229
latch.getCount() = 3228
latch.getCount() = 3227
latch.getCount() = 3226
latch.getCount() = 3225
latch.getCount() = 3224
latch.getCount() = 3223
latch.getCount() = 3222
latch.getCount() = 3221
latch.getCount() = 3220
latch.getCount() = 3219
latch.getCount() = 3218
latch.getCount() = 3217
latch.getCount() = 3216
latch.getCount() = 3215
latch.getCount() = 3214
latch.getCount() = 3213
latch.getCount() = 3212
latch.getCount() = 3211
latch.getCount() = 3210
latch.getCount() = 3209
latch.getCount() = 3208
latch.getCount() = 3207
latch.getCount() = 3206
latch.getCount() = 3205
latch.getCount() = 3204
latch.getCount() = 3203
latch.getCount() = 3202
latch.getCount() = 3201
latch.getCount() = 3200
latch.getCount() = 3199
latch.getCount() = 3198
latch.getCount() = 3197
latch.getCount() = 3196
latch.getCount() = 3195
latch.getCount() = 3194
latch.getCount() = 3193
latch.getCount() = 3192
latch.getCount() = 3191
latch.getCount() = 3190
latch.getCount() = 3189
latch.getCount() = 3188
latch.getCount() = 3187
latch.getCount() = 3186
latch.getCount() = 3185
latch.getCount() = 3184
latch.getCount() = 3183
latch.getCount() = 3182
latch.getCount() = 3181
latch.getCount() = 3180
latch.getCount() = 3179
latch.getCount() = 3178
latch.getCount() = 3177
latch.getCount() = 3176
latch.getCount() = 3175
latch.getCount() = 3174
latch.getCount() = 3173
latch.getCount() = 3172
latch.getCount() = 3171
latch.getCount() = 3170
latch.getCount() = 3169
latch.getCount() = 3168
latch.getCount() = 3167
latch.getCount() = 3166
latch.getCount() = 3165
latch.getCount() = 3164
latch.getCount() = 3163
latch.getCount() = 3162
latch.getCount() = 3161
latch.getCount() = 3160
latch.getCount() = 3159
latch.getCount() = 3158
latch.getCount() = 3157
latch.getCount() = 3156
latch.getCount() = 3155
latch.getCount() = 3154
latch.getCount() = 3153
latch.getCount() = 3152
latch.getCount() = 3151
latch.getCount() = 3150
latch.getCount() = 3149
latch.getCount() = 3148
latch.getCount() = 3147
latch.getCount() = 3146
latch.getCount() = 3145
latch.getCount() = 3144
latch.getCount() = 3143
latch.getCount() = 3142
latch.getCount() = 3141
latch.getCount() = 3140
latch.getCount() = 3139
latch.getCount() = 3138
latch.getCount() = 3137
latch.getCount() = 3136
latch.getCount() = 3135
latch.getCount() = 3134
latch.getCount() = 3133
latch.getCount() = 3132
latch.getCount() = 3131
latch.getCount() = 3130
latch.getCount() = 3129
latch.getCount() = 3128
latch.getCount() = 3127
latch.getCount() = 3126
latch.getCount() = 3125
latch.getCount() = 3124
latch.getCount() = 3123
latch.getCount() = 3122
latch.getCount() = 3121
latch.getCount() = 3120
latch.getCount() = 3119
latch.getCount() = 3118
latch.getCount() = 3117
latch.getCount() = 3116
latch.getCount() = 3115
latch.getCount() = 3114
latch.getCount() = 3113
latch.getCount() = 3112
latch.getCount() = 3111
latch.getCount() = 3110
latch.getCount() = 3109
latch.getCount() = 3108
latch.getCount() = 3107
latch.getCount() = 3106
latch.getCount() = 3105
latch.getCount() = 3104
latch.getCount() = 3103
latch.getCount() = 3102
latch.getCount() = 3101
latch.getCount() = 3100
latch.getCount() = 3099
latch.getCount() = 3098
latch.getCount() = 3097
latch.getCount() = 3096
latch.getCount() = 3095
latch.getCount() = 3094
latch.getCount() = 3093
latch.getCount() = 3092
latch.getCount() = 3091
latch.getCount() = 3090
latch.getCount() = 3089
latch.getCount() = 3088
latch.getCount() = 3087
latch.getCount() = 3086
latch.getCount() = 3085
latch.getCount() = 3084
latch.getCount() = 3083
latch.getCount() = 3082
latch.getCount() = 3081
latch.getCount() = 3080
latch.getCount() = 3079
latch.getCount() = 3078
latch.getCount() = 3077
latch.getCount() = 3076
latch.getCount() = 3075
latch.getCount() = 3074
latch.getCount() = 3073
latch.getCount() = 3072
latch.getCount() = 3071
latch.getCount() = 3070
latch.getCount() = 3069
latch.getCount() = 3068
latch.getCount() = 3067
latch.getCount() = 3066
latch.getCount() = 3065
latch.getCount() = 3064
latch.getCount() = 3063
latch.getCount() = 3062
latch.getCount() = 3061
latch.getCount() = 3060
latch.getCount() = 3059
latch.getCount() = 3058
latch.getCount() = 3057
latch.getCount() = 3056
latch.getCount() = 3055
latch.getCount() = 3054
latch.getCount() = 3053
latch.getCount() = 3052
latch.getCount() = 3051
latch.getCount() = 3050
latch.getCount() = 3049
latch.getCount() = 3048
latch.getCount() = 3047
latch.getCount() = 3046
latch.getCount() = 3045
latch.getCount() = 3044
latch.getCount() = 3043
latch.getCount() = 3042
latch.getCount() = 3041
latch.getCount() = 3040
latch.getCount() = 3039
latch.getCount() = 3038
latch.getCount() = 3037
latch.getCount() = 3036
latch.getCount() = 3035
latch.getCount() = 3034
latch.getCount() = 3033
latch.getCount() = 3032
latch.getCount() = 3031
latch.getCount() = 3030
latch.getCount() = 3029
latch.getCount() = 3028
latch.getCount() = 3027
latch.getCount() = 3026
latch.getCount() = 3025
latch.getCount() = 3024
latch.getCount() = 3023
latch.getCount() = 3022
latch.getCount() = 3021
latch.getCount() = 3020
latch.getCount() = 3019
latch.getCount() = 3018
latch.getCount() = 3017
latch.getCount() = 3016
latch.getCount() = 3015
latch.getCount() = 3014
latch.getCount() = 3013
latch.getCount() = 3012
latch.getCount() = 3011
latch.getCount() = 3010
latch.getCount() = 3009
latch.getCount() = 3008
latch.getCount() = 3007
latch.getCount() = 3006
latch.getCount() = 3005
latch.getCount() = 3004
latch.getCount() = 3003
latch.getCount() = 3002
latch.getCount() = 3001
latch.getCount() = 3000
latch.getCount() = 2999
latch.getCount() = 2998
latch.getCount() = 2997
latch.getCount() = 2996
latch.getCount() = 2995
latch.getCount() = 2994
latch.getCount() = 2993
latch.getCount() = 2992
latch.getCount() = 2991
latch.getCount() = 2990
latch.getCount() = 2989
latch.getCount() = 2988
latch.getCount() = 2987
latch.getCount() = 2986
latch.getCount() = 2985
latch.getCount() = 2984
latch.getCount() = 2983
latch.getCount() = 2982
latch.getCount() = 2981
latch.getCount() = 2980
latch.getCount() = 2979
latch.getCount() = 2978
latch.getCount() = 2977
latch.getCount() = 2976
latch.getCount() = 2975
latch.getCount() = 2974
latch.getCount() = 2973
latch.getCount() = 2972
latch.getCount() = 2971
latch.getCount() = 2970
latch.getCount() = 2969
latch.getCount() = 2968
latch.getCount() = 2967
latch.getCount() = 2966
latch.getCount() = 2965
latch.getCount() = 2964
latch.getCount() = 2963
latch.getCount() = 2962
latch.getCount() = 2961
latch.getCount() = 2960
latch.getCount() = 2959
latch.getCount() = 2958
latch.getCount() = 2957
latch.getCount() = 2956
latch.getCount() = 2955
latch.getCount() = 2954
latch.getCount() = 2953
latch.getCount() = 2952
latch.getCount() = 2951
latch.getCount() = 2950
latch.getCount() = 2949
latch.getCount() = 2948
latch.getCount() = 2947
latch.getCount() = 2946
latch.getCount() = 2945
latch.getCount() = 2944
latch.getCount() = 2943
latch.getCount() = 2942
latch.getCount() = 2941
latch.getCount() = 2940
latch.getCount() = 2939
latch.getCount() = 2938
latch.getCount() = 2937
latch.getCount() = 2936
latch.getCount() = 2935
latch.getCount() = 2934
latch.getCount() = 2933
latch.getCount() = 2932
latch.getCount() = 2931
latch.getCount() = 2930
latch.getCount() = 2929
latch.getCount() = 2928
latch.getCount() = 2927
latch.getCount() = 2926
latch.getCount() = 2925
latch.getCount() = 2924
latch.getCount() = 2923
latch.getCount() = 2922
latch.getCount() = 2921
latch.getCount() = 2920
latch.getCount() = 2919
latch.getCount() = 2918
latch.getCount() = 2917
latch.getCount() = 2916
latch.getCount() = 2915
latch.getCount() = 2914
latch.getCount() = 2913
latch.getCount() = 2912
latch.getCount() = 2911
latch.getCount() = 2910
latch.getCount() = 2909
latch.getCount() = 2908
latch.getCount() = 2907
latch.getCount() = 2906
latch.getCount() = 2905
latch.getCount() = 2904
latch.getCount() = 2903
latch.getCount() = 2902
latch.getCount() = 2901
latch.getCount() = 2900
latch.getCount() = 2899
latch.getCount() = 2898
latch.getCount() = 2897
latch.getCount() = 2896
latch.getCount() = 2895
latch.getCount() = 2894
latch.getCount() = 2893
latch.getCount() = 2892
latch.getCount() = 2891
latch.getCount() = 2890
latch.getCount() = 2889
latch.getCount() = 2888
latch.getCount() = 2887
latch.getCount() = 2886
latch.getCount() = 2885
latch.getCount() = 2884
latch.getCount() = 2883
latch.getCount() = 2882
latch.getCount() = 2881
latch.getCount() = 2880
latch.getCount() = 2879
latch.getCount() = 2878
latch.getCount() = 2877
latch.getCount() = 2876
latch.getCount() = 2875
latch.getCount() = 2874
latch.getCount() = 2873
latch.getCount() = 2872
latch.getCount() = 2871
latch.getCount() = 2870
latch.getCount() = 2869
latch.getCount() = 2868
latch.getCount() = 2867
latch.getCount() = 2866
latch.getCount() = 2865
latch.getCount() = 2864
latch.getCount() = 2863
latch.getCount() = 2862
latch.getCount() = 2861
latch.getCount() = 2860
latch.getCount() = 2859
latch.getCount() = 2858
latch.getCount() = 2857
latch.getCount() = 2856
latch.getCount() = 2855
latch.getCount() = 2854
latch.getCount() = 2853
latch.getCount() = 2852
latch.getCount() = 2851
[...]
latch.getCount() = 834
latch.getCount() = 833
latch.getCount() = 832
latch.getCount() = 831
latch.getCount() = 830
latch.getCount() = 829
latch.getCount() = 828
latch.getCount() = 827
latch.getCount() = 826
latch.getCount() = 825
latch.getCount() = 824
latch.getCount() = 823
latch.getCount() = 822
latch.getCount() = 821
latch.getCount() = 820
latch.getCount() = 819
latch.getCount() = 818
latch.getCount() = 817
latch.getCount() = 816
latch.getCount() = 815
latch.getCount() = 814
latch.getCount() = 813
latch.getCount() = 812
latch.getCount() = 811
latch.getCount() = 810
latch.getCount() = 809
latch.getCount() = 808
latch.getCount() = 807
latch.getCount() = 806
latch.getCount() = 805
latch.getCount() = 804
latch.getCount() = 803
latch.getCount() = 802
latch.getCount() = 801
latch.getCount() = 800
latch.getCount() = 799
latch.getCount() = 798
latch.getCount() = 797
latch.getCount() = 796
latch.getCount() = 795
latch.getCount() = 794
latch.getCount() = 793
latch.getCount() = 792
latch.getCount() = 791
latch.getCount() = 790
latch.getCount() = 789
latch.getCount() = 788
latch.getCount() = 787
latch.getCount() = 786
latch.getCount() = 785
latch.getCount() = 784
latch.getCount() = 783
latch.getCount() = 782
latch.getCount() = 781
latch.getCount() = 780
latch.getCount() = 779
latch.getCount() = 778
latch.getCount() = 777
latch.getCount() = 776
latch.getCount() = 775
latch.getCount() = 774
latch.getCount() = 773
latch.getCount() = 772
latch.getCount() = 771
latch.getCount() = 770
latch.getCount() = 769
latch.getCount() = 768
latch.getCount() = 767
latch.getCount() = 766
latch.getCount() = 765
latch.getCount() = 764
latch.getCount() = 763
latch.getCount() = 762
latch.getCount() = 761
latch.getCount() = 760
latch.getCount() = 759
latch.getCount() = 758
latch.getCount() = 757
latch.getCount() = 756
latch.getCount() = 755
latch.getCount() = 754
latch.getCount() = 753
latch.getCount() = 752
latch.getCount() = 751
latch.getCount() = 750
latch.getCount() = 749
latch.getCount() = 748
latch.getCount() = 747
latch.getCount() = 746
latch.getCount() = 745
latch.getCount() = 744
latch.getCount() = 743
latch.getCount() = 742
latch.getCount() = 741
latch.getCount() = 740
latch.getCount() = 739
latch.getCount() = 738
latch.getCount() = 737
latch.getCount() = 736
latch.getCount() = 735
latch.getCount() = 734
latch.getCount() = 733
latch.getCount() = 732
latch.getCount() = 731
latch.getCount() = 730
latch.getCount() = 729
latch.getCount() = 728
latch.getCount() = 727
latch.getCount() = 726
latch.getCount() = 725
latch.getCount() = 724
latch.getCount() = 723
latch.getCount() = 722
latch.getCount() = 721
latch.getCount() = 720
latch.getCount() = 719
latch.getCount() = 718
latch.getCount() = 717
latch.getCount() = 716
latch.getCount() = 715
latch.getCount() = 714
latch.getCount() = 713
latch.getCount() = 712
latch.getCount() = 711
latch.getCount() = 710
latch.getCount() = 709
latch.getCount() = 708
latch.getCount() = 707
latch.getCount() = 706
latch.getCount() = 705
latch.getCount() = 704
latch.getCount() = 703
latch.getCount() = 702
latch.getCount() = 701
latch.getCount() = 700
latch.getCount() = 699
latch.getCount() = 698
latch.getCount() = 697
latch.getCount() = 696
latch.getCount() = 695
latch.getCount() = 694
latch.getCount() = 693
latch.getCount() = 692
latch.getCount() = 691
latch.getCount() = 690
latch.getCount() = 689
latch.getCount() = 688
latch.getCount() = 687
latch.getCount() = 686
latch.getCount() = 685
latch.getCount() = 684
latch.getCount() = 683
latch.getCount() = 682
latch.getCount() = 681
latch.getCount() = 680
latch.getCount() = 679
latch.getCount() = 678
latch.getCount() = 677
latch.getCount() = 676
latch.getCount() = 675
latch.getCount() = 674
latch.getCount() = 673
latch.getCount() = 672
latch.getCount() = 671
latch.getCount() = 670
latch.getCount() = 669
latch.getCount() = 668
latch.getCount() = 667
latch.getCount() = 666
latch.getCount() = 665
latch.getCount() = 664
latch.getCount() = 663
latch.getCount() = 662
latch.getCount() = 661
latch.getCount() = 660
latch.getCount() = 659
latch.getCount() = 658
latch.getCount() = 657
latch.getCount() = 656
latch.getCount() = 655
latch.getCount() = 654
latch.getCount() = 653
latch.getCount() = 652
latch.getCount() = 651
latch.getCount() = 650
latch.getCount() = 649
latch.getCount() = 648
latch.getCount() = 647
latch.getCount() = 646
latch.getCount() = 645
latch.getCount() = 644
latch.getCount() = 643
latch.getCount() = 642
latch.getCount() = 641
latch.getCount() = 640
latch.getCount() = 639
latch.getCount() = 638
latch.getCount() = 637
latch.getCount() = 636
latch.getCount() = 635
latch.getCount() = 634
latch.getCount() = 633
latch.getCount() = 632
latch.getCount() = 631
latch.getCount() = 630
latch.getCount() = 629
latch.getCount() = 628
latch.getCount() = 627
latch.getCount() = 626
latch.getCount() = 625
latch.getCount() = 624
latch.getCount() = 623
latch.getCount() = 622
latch.getCount() = 621
latch.getCount() = 620
latch.getCount() = 619
latch.getCount() = 618
latch.getCount() = 617
latch.getCount() = 616
latch.getCount() = 615
latch.getCount() = 614
latch.getCount() = 613
latch.getCount() = 612
latch.getCount() = 611
latch.getCount() = 610
latch.getCount() = 609
latch.getCount() = 608
latch.getCount() = 607
latch.getCount() = 606
latch.getCount() = 605
latch.getCount() = 604
latch.getCount() = 603
latch.getCount() = 602
latch.getCount() = 601
latch.getCount() = 600
latch.getCount() = 599
latch.getCount() = 598
latch.getCount() = 597
latch.getCount() = 596
latch.getCount() = 595
latch.getCount() = 594
latch.getCount() = 593
latch.getCount() = 592
latch.getCount() = 591
latch.getCount() = 590
latch.getCount() = 589
latch.getCount() = 588
latch.getCount() = 587
latch.getCount() = 586
latch.getCount() = 585
latch.getCount() = 584
latch.getCount() = 583
latch.getCount() = 582
latch.getCount() = 581
latch.getCount() = 580
latch.getCount() = 579
latch.getCount() = 578
latch.getCount() = 577
latch.getCount() = 576
latch.getCount() = 575
latch.getCount() = 574
latch.getCount() = 573
latch.getCount() = 572
latch.getCount() = 571
latch.getCount() = 570
latch.getCount() = 569
latch.getCount() = 568
latch.getCount() = 567
latch.getCount() = 566
latch.getCount() = 565
latch.getCount() = 564
latch.getCount() = 563
latch.getCount() = 562
latch.getCount() = 561
latch.getCount() = 560
latch.getCount() = 559
latch.getCount() = 558
latch.getCount() = 557
latch.getCount() = 556
latch.getCount() = 555
latch.getCount() = 554
latch.getCount() = 553
latch.getCount() = 552
latch.getCount() = 551
latch.getCount() = 550
latch.getCount() = 549
latch.getCount() = 548
latch.getCount() = 547
latch.getCount() = 546
latch.getCount() = 545
latch.getCount() = 544
latch.getCount() = 543
latch.getCount() = 542
latch.getCount() = 541
latch.getCount() = 540
latch.getCount() = 539
latch.getCount() = 538
latch.getCount() = 537
latch.getCount() = 536
latch.getCount() = 535
latch.getCount() = 534
latch.getCount() = 533
latch.getCount() = 532
latch.getCount() = 531
latch.getCount() = 530
latch.getCount() = 529
latch.getCount() = 528
latch.getCount() = 527
latch.getCount() = 526
latch.getCount() = 525
latch.getCount() = 524
latch.getCount() = 523
latch.getCount() = 522
latch.getCount() = 521
latch.getCount() = 520
latch.getCount() = 519
latch.getCount() = 518
latch.getCount() = 517
latch.getCount() = 516
latch.getCount() = 515
latch.getCount() = 514
latch.getCount() = 513
latch.getCount() = 512
latch.getCount() = 511
latch.getCount() = 510
latch.getCount() = 509
latch.getCount() = 508
latch.getCount() = 507
latch.getCount() = 506
latch.getCount() = 505
latch.getCount() = 504
latch.getCount() = 503
latch.getCount() = 502
latch.getCount() = 501
latch.getCount() = 500
latch.getCount() = 499
latch.getCount() = 498
latch.getCount() = 497
latch.getCount() = 496
latch.getCount() = 495
latch.getCount() = 494
latch.getCount() = 493
latch.getCount() = 492
latch.getCount() = 491
latch.getCount() = 490
latch.getCount() = 489
latch.getCount() = 488
latch.getCount() = 487
latch.getCount() = 486
latch.getCount() = 485
latch.getCount() = 484
latch.getCount() = 483
latch.getCount() = 482
latch.getCount() = 481
latch.getCount() = 480
latch.getCount() = 479
latch.getCount() = 478
latch.getCount() = 477
latch.getCount() = 476
latch.getCount() = 475
latch.getCount() = 474
latch.getCount() = 473
latch.getCount() = 472
latch.getCount() = 471
latch.getCount() = 470
latch.getCount() = 469
latch.getCount() = 468
latch.getCount() = 467
latch.getCount() = 466
latch.getCount() = 465
latch.getCount() = 464
latch.getCount() = 463
latch.getCount() = 462
latch.getCount() = 461
latch.getCount() = 460
latch.getCount() = 459
latch.getCount() = 458
latch.getCount() = 457
latch.getCount() = 456
latch.getCount() = 455
latch.getCount() = 454
latch.getCount() = 453
latch.getCount() = 452
latch.getCount() = 451
latch.getCount() = 450
latch.getCount() = 449
latch.getCount() = 448
latch.getCount() = 447
latch.getCount() = 446
latch.getCount() = 445
latch.getCount() = 444
latch.getCount() = 443
latch.getCount() = 442
latch.getCount() = 441
latch.getCount() = 440
latch.getCount() = 439
latch.getCount() = 438
latch.getCount() = 437
latch.getCount() = 436
latch.getCount() = 435
latch.getCount() = 434
latch.getCount() = 433
latch.getCount() = 432
latch.getCount() = 431
latch.getCount() = 430
latch.getCount() = 429
latch.getCount() = 428
latch.getCount() = 427
latch.getCount() = 426
latch.getCount() = 425
latch.getCount() = 424
latch.getCount() = 423
latch.getCount() = 422
latch.getCount() = 421
latch.getCount() = 420
latch.getCount() = 419
latch.getCount() = 418
latch.getCount() = 417
latch.getCount() = 416
latch.getCount() = 415
latch.getCount() = 414
latch.getCount() = 413
latch.getCount() = 412
latch.getCount() = 411
latch.getCount() = 410
latch.getCount() = 409
latch.getCount() = 408
latch.getCount() = 407
latch.getCount() = 406
latch.getCount() = 405
latch.getCount() = 404
latch.getCount() = 403
latch.getCount() = 402
latch.getCount() = 401
latch.getCount() = 400
latch.getCount() = 399
latch.getCount() = 398
latch.getCount() = 397
latch.getCount() = 396
latch.getCount() = 395
latch.getCount() = 394
latch.getCount() = 393
latch.getCount() = 392
latch.getCount() = 391
latch.getCount() = 390
latch.getCount() = 389
latch.getCount() = 388
latch.getCount() = 387
latch.getCount() = 386
latch.getCount() = 385
latch.getCount() = 384
latch.getCount() = 383
latch.getCount() = 382
latch.getCount() = 381
latch.getCount() = 380
latch.getCount() = 379
latch.getCount() = 378
latch.getCount() = 377
latch.getCount() = 376
latch.getCount() = 375
latch.getCount() = 374
latch.getCount() = 373
latch.getCount() = 372
latch.getCount() = 371
latch.getCount() = 370
latch.getCount() = 369
latch.getCount() = 368
latch.getCount() = 367
latch.getCount() = 366
latch.getCount() = 365
latch.getCount() = 364
latch.getCount() = 363
latch.getCount() = 362
latch.getCount() = 361
latch.getCount() = 360
latch.getCount() = 359
latch.getCount() = 358
latch.getCount() = 357
latch.getCount() = 356
latch.getCount() = 355
latch.getCount() = 354
latch.getCount() = 353
latch.getCount() = 352
latch.getCount() = 351
latch.getCount() = 350
latch.getCount() = 349
latch.getCount() = 348
latch.getCount() = 347
latch.getCount() = 346
latch.getCount() = 345
latch.getCount() = 344
latch.getCount() = 343
latch.getCount() = 342
latch.getCount() = 341
latch.getCount() = 340
latch.getCount() = 339
latch.getCount() = 338
latch.getCount() = 337
latch.getCount() = 336
latch.getCount() = 335
latch.getCount() = 334
latch.getCount() = 333
latch.getCount() = 332
latch.getCount() = 331
latch.getCount() = 330
latch.getCount() = 329
latch.getCount() = 328
latch.getCount() = 327
latch.getCount() = 326
latch.getCount() = 325
latch.getCount() = 324
latch.getCount() = 323
latch.getCount() = 322
latch.getCount() = 321
latch.getCount() = 320
latch.getCount() = 319
latch.getCount() = 318
latch.getCount() = 317
latch.getCount() = 316
latch.getCount() = 315
latch.getCount() = 314
latch.getCount() = 313
latch.getCount() = 312
latch.getCount() = 311
latch.getCount() = 310
latch.getCount() = 309
latch.getCount() = 308
latch.getCount() = 307
latch.getCount() = 306
latch.getCount() = 305
latch.getCount() = 304
latch.getCount() = 303
latch.getCount() = 302
latch.getCount() = 301
latch.getCount() = 300
latch.getCount() = 299
latch.getCount() = 298
latch.getCount() = 297
latch.getCount() = 296
latch.getCount() = 295
latch.getCount() = 294
latch.getCount() = 293
latch.getCount() = 292
latch.getCount() = 291
latch.getCount() = 290
latch.getCount() = 289
latch.getCount() = 288
latch.getCount() = 287
latch.getCount() = 286
latch.getCount() = 285
latch.getCount() = 284
latch.getCount() = 283
latch.getCount() = 282
latch.getCount() = 281
latch.getCount() = 280
latch.getCount() = 279
latch.getCount() = 278
latch.getCount() = 277
latch.getCount() = 276
latch.getCount() = 275
latch.getCount() = 274
latch.getCount() = 273
latch.getCount() = 272
latch.getCount() = 271
latch.getCount() = 270
latch.getCount() = 269
latch.getCount() = 268
latch.getCount() = 267
latch.getCount() = 266
latch.getCount() = 265
latch.getCount() = 264
latch.getCount() = 263
latch.getCount() = 262
latch.getCount() = 261
latch.getCount() = 260
latch.getCount() = 259
latch.getCount() = 258
latch.getCount() = 257
latch.getCount() = 256
latch.getCount() = 255
latch.getCount() = 254
latch.getCount() = 253
latch.getCount() = 252
latch.getCount() = 251
latch.getCount() = 250
latch.getCount() = 249
latch.getCount() = 248
latch.getCount() = 247
latch.getCount() = 246
latch.getCount() = 245
latch.getCount() = 244
latch.getCount() = 243
latch.getCount() = 242
latch.getCount() = 241
latch.getCount() = 240
latch.getCount() = 239
latch.getCount() = 238
latch.getCount() = 237
latch.getCount() = 236
latch.getCount() = 235
latch.getCount() = 234
latch.getCount() = 233
latch.getCount() = 232
latch.getCount() = 231
latch.getCount() = 230
latch.getCount() = 229
latch.getCount() = 228
latch.getCount() = 227
latch.getCount() = 226
latch.getCount() = 225
latch.getCount() = 224
latch.getCount() = 223
latch.getCount() = 222
latch.getCount() = 221
latch.getCount() = 220
latch.getCount() = 219
latch.getCount() = 218
latch.getCount() = 217
latch.getCount() = 216
latch.getCount() = 215
latch.getCount() = 214
latch.getCount() = 213
latch.getCount() = 212
latch.getCount() = 211
latch.getCount() = 210
latch.getCount() = 209
latch.getCount() = 208
latch.getCount() = 207
latch.getCount() = 206
latch.getCount() = 205
latch.getCount() = 204
latch.getCount() = 203
latch.getCount() = 202
latch.getCount() = 201
latch.getCount() = 200
latch.getCount() = 199
latch.getCount() = 198
latch.getCount() = 197
latch.getCount() = 196
latch.getCount() = 195
latch.getCount() = 194
latch.getCount() = 193
latch.getCount() = 192
latch.getCount() = 191
latch.getCount() = 190
latch.getCount() = 189
latch.getCount() = 188
latch.getCount() = 187
latch.getCount() = 186
latch.getCount() = 185
latch.getCount() = 184
latch.getCount() = 183
latch.getCount() = 182
latch.getCount() = 181
latch.getCount() = 180
latch.getCount() = 179
latch.getCount() = 178
latch.getCount() = 177
latch.getCount() = 176
latch.getCount() = 175
latch.getCount() = 174
latch.getCount() = 173
latch.getCount() = 172
latch.getCount() = 171
latch.getCount() = 170
latch.getCount() = 169
latch.getCount() = 168
latch.getCount() = 167
latch.getCount() = 166
latch.getCount() = 165
latch.getCount() = 164
latch.getCount() = 163
latch.getCount() = 162
latch.getCount() = 161
latch.getCount() = 160
latch.getCount() = 159
latch.getCount() = 158
latch.getCount() = 157
latch.getCount() = 156
latch.getCount() = 155
latch.getCount() = 154
latch.getCount() = 153
latch.getCount() = 152
latch.getCount() = 151
latch.getCount() = 150
latch.getCount() = 149
latch.getCount() = 148
latch.getCount() = 147
latch.getCount() = 146
latch.getCount() = 145
latch.getCount() = 144
latch.getCount() = 143
latch.getCount() = 142
latch.getCount() = 141
latch.getCount() = 140
latch.getCount() = 139
latch.getCount() = 138
latch.getCount() = 137
latch.getCount() = 136
latch.getCount() = 135
latch.getCount() = 134
latch.getCount() = 133
latch.getCount() = 132
latch.getCount() = 131
latch.getCount() = 130
latch.getCount() = 129
latch.getCount() = 128
latch.getCount() = 127
latch.getCount() = 126
latch.getCount() = 125
latch.getCount() = 124
latch.getCount() = 123
latch.getCount() = 122
latch.getCount() = 121
latch.getCount() = 120
latch.getCount() = 119
latch.getCount() = 118
latch.getCount() = 117
latch.getCount() = 116
latch.getCount() = 115
latch.getCount() = 114
latch.getCount() = 113
latch.getCount() = 112
latch.getCount() = 111
latch.getCount() = 110
latch.getCount() = 109
latch.getCount() = 108
latch.getCount() = 107
latch.getCount() = 106
latch.getCount() = 105
latch.getCount() = 104
latch.getCount() = 103
latch.getCount() = 102
latch.getCount() = 101
latch.getCount() = 100
latch.getCount() = 99
latch.getCount() = 98
latch.getCount() = 97
latch.getCount() = 96
latch.getCount() = 95
latch.getCount() = 94
latch.getCount() = 93
latch.getCount() = 92
latch.getCount() = 91
latch.getCount() = 90
latch.getCount() = 89
latch.getCount() = 88
latch.getCount() = 87
latch.getCount() = 86
latch.getCount() = 85
latch.getCount() = 84
latch.getCount() = 83
latch.getCount() = 82
latch.getCount() = 81
latch.getCount() = 80
latch.getCount() = 79
latch.getCount() = 78
latch.getCount() = 77
latch.getCount() = 76
latch.getCount() = 75
latch.getCount() = 74
latch.getCount() = 73
latch.getCount() = 72
latch.getCount() = 71
latch.getCount() = 70
latch.getCount() = 69
latch.getCount() = 68
latch.getCount() = 67
latch.getCount() = 66
latch.getCount() = 65
latch.getCount() = 64
latch.getCount() = 63
latch.getCount() = 62
latch.getCount() = 61
latch.getCount() = 60
latch.getCount() = 59
latch.getCount() = 58
latch.getCount() = 57
latch.getCount() = 56
latch.getCount() = 55
latch.getCount() = 54
latch.getCount() = 53
latch.getCount() = 52
latch.getCount() = 51
latch.getCount() = 50
latch.getCount() = 49
latch.getCount() = 48
latch.getCount() = 47
latch.getCount() = 46
latch.getCount() = 45
latch.getCount() = 44
latch.getCount() = 43
latch.getCount() = 42
latch.getCount() = 41
latch.getCount() = 40
latch.getCount() = 39
latch.getCount() = 38
latch.getCount() = 37
latch.getCount() = 36
latch.getCount() = 35
latch.getCount() = 34
latch.getCount() = 33
latch.getCount() = 32
latch.getCount() = 31
latch.getCount() = 30
latch.getCount() = 29
latch.getCount() = 28
latch.getCount() = 27
latch.getCount() = 26
latch.getCount() = 25
latch.getCount() = 24
latch.getCount() = 23
latch.getCount() = 22
latch.getCount() = 21
latch.getCount() = 20
latch.getCount() = 19
latch.getCount() = 18
latch.getCount() = 17
latch.getCount() = 16
latch.getCount() = 15
latch.getCount() = 14
latch.getCount() = 13
latch.getCount() = 12
latch.getCount() = 11
latch.getCount() = 10
latch.getCount() = 9
latch.getCount() = 8
latch.getCount() = 7
latch.getCount() = 6
latch.getCount() = 5
latch.getCount() = 4
latch.getCount() = 3
latch.getCount() = 2
latch.getCount() = 1
latch.getCount() = 0
]]></system-out>
  <system-err><![CDATA[Mockito is currently self-attaching to enable the inline-mock-maker. This will no longer work in future releases of the JDK. Please add Mockito as an agent to your build as described in Mockito's documentation: https://javadoc.io/doc/org.mockito/mockito-core/latest/org.mockito/org/mockito/Mockito.html#0.3
WARNING: A Java agent has been loaded dynamically (/Users/aquageek/.gradle/caches/modules-2/files-2.1/net.bytebuddy/byte-buddy-agent/1.17.8/f09415827a71be7ed621c7bd02550678f28bc81c/byte-buddy-agent-1.17.8.jar)
WARNING: If a serviceability tool is in use, please run with -XX:+EnableDynamicAgentLoading to hide this warning
WARNING: If a serviceability tool is not in use, please run with -Djdk.instrument.traceUsage for more information
WARNING: Dynamic loading of agents will be disallowed by default in a future release
]]></system-err>
</testsuite>
